<ERROR_BLOCK>
excepInfo: INSERT INTO iwebshop_user_group ( `maxexp`,`minexp`,`discount`,`group_name` ) VALUES ( '8000','2000','0','二星会员' ) 
 -- Unknown column 'discount' in 'field list'
excepFile: IWEB_PATH/lib/db/db_class.php
excepLine: 166
excepCode: 1000
excepTime: 2018-06-12 11:31:35
#0 IWEB_PATH/lib/web/model/model_class.php(128): IDB->query(INSERT INTO iwebshop_user_group ( `maxexp`,`minexp`,`discount`,`group_name` ) VALUES ( '8000','2000','0','二星会员' ) )
#1 IWEB_PATH/controllers/member.php(357): IModel->add()
#2 : Member->group_save()
#3 IWEB_PATH/lib/web/action/inline_action.php(24): call_user_func()
#4 IWEB_PATH/lib/web/controller/controller_class.php(115): IInlineAction->run()
#5 IWEB_PATH/lib/core/webapplication_class.php(75): IController->run(group_save)
#6 IWEB_PATH/lib/core/application_class.php(94): IWebApplication->execRequest()
#7 IWEB_PATH/index.php(5): IApplication->run()
</ERROR_BLOCK>

<ERROR_BLOCK>
excepInfo: INSERT INTO iwebshop_user_group ( `maxexp`,`minexp`,`discount`,`group_name` ) VALUES ( '8000','2000','0','二星会员' ) 
 -- Unknown column 'discount' in 'field list'
excepFile: IWEB_PATH/lib/db/db_class.php
excepLine: 166
excepCode: 1000
excepTime: 2018-06-12 11:32:24
#0 IWEB_PATH/lib/web/model/model_class.php(128): IDB->query(INSERT INTO iwebshop_user_group ( `maxexp`,`minexp`,`discount`,`group_name` ) VALUES ( '8000','2000','0','二星会员' ) )
#1 IWEB_PATH/controllers/member.php(357): IModel->add()
#2 : Member->group_save()
#3 IWEB_PATH/lib/web/action/inline_action.php(24): call_user_func()
#4 IWEB_PATH/lib/web/controller/controller_class.php(115): IInlineAction->run()
#5 IWEB_PATH/lib/core/webapplication_class.php(75): IController->run(group_save)
#6 IWEB_PATH/lib/core/application_class.php(94): IWebApplication->execRequest()
#7 IWEB_PATH/index.php(5): IApplication->run()
</ERROR_BLOCK>

<ERROR_BLOCK>
excepInfo: INSERT INTO iwebshop_user_group ( `maxexp`,`minexp`,`discount`,`group_name` ) VALUES ( '8000','2000','0','二星会员' ) 
 -- Unknown column 'discount' in 'field list'
excepFile: IWEB_PATH/lib/db/db_class.php
excepLine: 166
excepCode: 1000
excepTime: 2018-06-12 11:33:55
#0 IWEB_PATH/lib/web/model/model_class.php(128): IDB->query(INSERT INTO iwebshop_user_group ( `maxexp`,`minexp`,`discount`,`group_name` ) VALUES ( '8000','2000','0','二星会员' ) )
#1 IWEB_PATH/controllers/member.php(357): IModel->add()
#2 : Member->group_save()
#3 IWEB_PATH/lib/web/action/inline_action.php(24): call_user_func()
#4 IWEB_PATH/lib/web/controller/controller_class.php(115): IInlineAction->run()
#5 IWEB_PATH/lib/core/webapplication_class.php(75): IController->run(group_save)
#6 IWEB_PATH/lib/core/application_class.php(94): IWebApplication->execRequest()
#7 IWEB_PATH/index.php(5): IApplication->run()
</ERROR_BLOCK>

<ERROR_BLOCK>
errorInfo: Undefined variable: starttime
errorFile: IWEB_PATH/controllers/point.php
errorLine: 73
errorCode: 8
errorTime: 2018-06-12 14:31:12
#0 : Point->point_list()
#1 IWEB_PATH/lib/web/action/inline_action.php(24): call_user_func()
#2 IWEB_PATH/lib/web/controller/controller_class.php(115): IInlineAction->run()
#3 IWEB_PATH/lib/core/webapplication_class.php(75): IController->run(point_list)
#4 IWEB_PATH/lib/core/application_class.php(94): IWebApplication->execRequest()
#5 IWEB_PATH/index.php(5): IApplication->run()
</ERROR_BLOCK>

<ERROR_BLOCK>
errorInfo: Undefined variable: endtime
errorFile: IWEB_PATH/controllers/point.php
errorLine: 73
errorCode: 8
errorTime: 2018-06-12 14:31:12
#0 : Point->point_list()
#1 IWEB_PATH/lib/web/action/inline_action.php(24): call_user_func()
#2 IWEB_PATH/lib/web/controller/controller_class.php(115): IInlineAction->run()
#3 IWEB_PATH/lib/core/webapplication_class.php(75): IController->run(point_list)
#4 IWEB_PATH/lib/core/application_class.php(94): IWebApplication->execRequest()
#5 IWEB_PATH/index.php(5): IApplication->run()
</ERROR_BLOCK>

