<ERROR_BLOCK>
errorInfo: Undefined index: _sell_price
errorFile: IWEB_PATH/controllers/goods.php
errorLine: 189
errorCode: 8
errorTime: 2018-06-06 12:16:12
#0 : Goods->goods_update()
#1 IWEB_PATH/lib/web/action/inline_action.php(24): call_user_func()
#2 IWEB_PATH/lib/web/controller/controller_class.php(115): IInlineAction->run()
#3 IWEB_PATH/lib/core/webapplication_class.php(75): IController->run(goods_update)
#4 IWEB_PATH/lib/core/application_class.php(94): IWebApplication->execRequest()
#5 IWEB_PATH/index.php(5): IApplication->run()
</ERROR_BLOCK>

<ERROR_BLOCK>
errorInfo: Undefined index: _cost_price
errorFile: IWEB_PATH/controllers/goods.php
errorLine: 189
errorCode: 8
errorTime: 2018-06-06 12:16:12
#0 : Goods->goods_update()
#1 IWEB_PATH/lib/web/action/inline_action.php(24): call_user_func()
#2 IWEB_PATH/lib/web/controller/controller_class.php(115): IInlineAction->run()
#3 IWEB_PATH/lib/core/webapplication_class.php(75): IController->run(goods_update)
#4 IWEB_PATH/lib/core/application_class.php(94): IWebApplication->execRequest()
#5 IWEB_PATH/index.php(5): IApplication->run()
</ERROR_BLOCK>

<ERROR_BLOCK>
errorInfo: Undefined index: _sell_price
errorFile: IWEB_PATH/controllers/goods.php
errorLine: 168
errorCode: 8
errorTime: 2018-06-06 12:19:38
#0 : Goods->goods_update()
#1 IWEB_PATH/lib/web/action/inline_action.php(24): call_user_func()
#2 IWEB_PATH/lib/web/controller/controller_class.php(115): IInlineAction->run()
#3 IWEB_PATH/lib/core/webapplication_class.php(75): IController->run(goods_update)
#4 IWEB_PATH/lib/core/application_class.php(94): IWebApplication->execRequest()
#5 IWEB_PATH/index.php(5): IApplication->run()
</ERROR_BLOCK>

<ERROR_BLOCK>
errorInfo: Undefined index: _cost_price
errorFile: IWEB_PATH/controllers/goods.php
errorLine: 168
errorCode: 8
errorTime: 2018-06-06 12:19:38
#0 : Goods->goods_update()
#1 IWEB_PATH/lib/web/action/inline_action.php(24): call_user_func()
#2 IWEB_PATH/lib/web/controller/controller_class.php(115): IInlineAction->run()
#3 IWEB_PATH/lib/core/webapplication_class.php(75): IController->run(goods_update)
#4 IWEB_PATH/lib/core/application_class.php(94): IWebApplication->execRequest()
#5 IWEB_PATH/index.php(5): IApplication->run()
</ERROR_BLOCK>

<ERROR_BLOCK>
errorInfo: Undefined index: _sell_price
errorFile: IWEB_PATH/controllers/goods.php
errorLine: 168
errorCode: 8
errorTime: 2018-06-06 12:55:03
#0 : Goods->goods_update()
#1 IWEB_PATH/lib/web/action/inline_action.php(24): call_user_func()
#2 IWEB_PATH/lib/web/controller/controller_class.php(115): IInlineAction->run()
#3 IWEB_PATH/lib/core/webapplication_class.php(75): IController->run(goods_update)
#4 IWEB_PATH/lib/core/application_class.php(94): IWebApplication->execRequest()
#5 IWEB_PATH/index.php(5): IApplication->run()
</ERROR_BLOCK>

<ERROR_BLOCK>
errorInfo: Undefined index: _cost_price
errorFile: IWEB_PATH/controllers/goods.php
errorLine: 168
errorCode: 8
errorTime: 2018-06-06 12:55:03
#0 : Goods->goods_update()
#1 IWEB_PATH/lib/web/action/inline_action.php(24): call_user_func()
#2 IWEB_PATH/lib/web/controller/controller_class.php(115): IInlineAction->run()
#3 IWEB_PATH/lib/core/webapplication_class.php(75): IController->run(goods_update)
#4 IWEB_PATH/lib/core/application_class.php(94): IWebApplication->execRequest()
#5 IWEB_PATH/index.php(5): IApplication->run()
</ERROR_BLOCK>

<ERROR_BLOCK>
errorInfo: Undefined index: _sell_price
errorFile: IWEB_PATH/controllers/goods.php
errorLine: 168
errorCode: 8
errorTime: 2018-06-06 12:56:29
#0 : Goods->goods_update()
#1 IWEB_PATH/lib/web/action/inline_action.php(24): call_user_func()
#2 IWEB_PATH/lib/web/controller/controller_class.php(115): IInlineAction->run()
#3 IWEB_PATH/lib/core/webapplication_class.php(75): IController->run(goods_update)
#4 IWEB_PATH/lib/core/application_class.php(94): IWebApplication->execRequest()
#5 IWEB_PATH/index.php(5): IApplication->run()
</ERROR_BLOCK>

<ERROR_BLOCK>
errorInfo: Undefined index: _cost_price
errorFile: IWEB_PATH/controllers/goods.php
errorLine: 168
errorCode: 8
errorTime: 2018-06-06 12:56:29
#0 : Goods->goods_update()
#1 IWEB_PATH/lib/web/action/inline_action.php(24): call_user_func()
#2 IWEB_PATH/lib/web/controller/controller_class.php(115): IInlineAction->run()
#3 IWEB_PATH/lib/core/webapplication_class.php(75): IController->run(goods_update)
#4 IWEB_PATH/lib/core/application_class.php(94): IWebApplication->execRequest()
#5 IWEB_PATH/index.php(5): IApplication->run()
</ERROR_BLOCK>

<ERROR_BLOCK>
errorInfo: Undefined index: _sell_price
errorFile: IWEB_PATH/controllers/goods.php
errorLine: 168
errorCode: 8
errorTime: 2018-06-06 12:56:57
#0 : Goods->goods_update()
#1 IWEB_PATH/lib/web/action/inline_action.php(24): call_user_func()
#2 IWEB_PATH/lib/web/controller/controller_class.php(115): IInlineAction->run()
#3 IWEB_PATH/lib/core/webapplication_class.php(75): IController->run(goods_update)
#4 IWEB_PATH/lib/core/application_class.php(94): IWebApplication->execRequest()
#5 IWEB_PATH/index.php(5): IApplication->run()
</ERROR_BLOCK>

<ERROR_BLOCK>
errorInfo: Undefined index: _cost_price
errorFile: IWEB_PATH/controllers/goods.php
errorLine: 168
errorCode: 8
errorTime: 2018-06-06 12:56:57
#0 : Goods->goods_update()
#1 IWEB_PATH/lib/web/action/inline_action.php(24): call_user_func()
#2 IWEB_PATH/lib/web/controller/controller_class.php(115): IInlineAction->run()
#3 IWEB_PATH/lib/core/webapplication_class.php(75): IController->run(goods_update)
#4 IWEB_PATH/lib/core/application_class.php(94): IWebApplication->execRequest()
#5 IWEB_PATH/index.php(5): IApplication->run()
</ERROR_BLOCK>

<ERROR_BLOCK>
errorInfo: Undefined index: _sell_price
errorFile: IWEB_PATH/controllers/goods.php
errorLine: 168
errorCode: 8
errorTime: 2018-06-06 12:57:16
#0 : Goods->goods_update()
#1 IWEB_PATH/lib/web/action/inline_action.php(24): call_user_func()
#2 IWEB_PATH/lib/web/controller/controller_class.php(115): IInlineAction->run()
#3 IWEB_PATH/lib/core/webapplication_class.php(75): IController->run(goods_update)
#4 IWEB_PATH/lib/core/application_class.php(94): IWebApplication->execRequest()
#5 IWEB_PATH/index.php(5): IApplication->run()
</ERROR_BLOCK>

<ERROR_BLOCK>
errorInfo: Undefined index: _cost_price
errorFile: IWEB_PATH/controllers/goods.php
errorLine: 168
errorCode: 8
errorTime: 2018-06-06 12:57:16
#0 : Goods->goods_update()
#1 IWEB_PATH/lib/web/action/inline_action.php(24): call_user_func()
#2 IWEB_PATH/lib/web/controller/controller_class.php(115): IInlineAction->run()
#3 IWEB_PATH/lib/core/webapplication_class.php(75): IController->run(goods_update)
#4 IWEB_PATH/lib/core/application_class.php(94): IWebApplication->execRequest()
#5 IWEB_PATH/index.php(5): IApplication->run()
</ERROR_BLOCK>

<ERROR_BLOCK>
errorInfo: Undefined index: _sell_price
errorFile: IWEB_PATH/controllers/goods.php
errorLine: 168
errorCode: 8
errorTime: 2018-06-06 12:58:31
#0 : Goods->goods_update()
#1 IWEB_PATH/lib/web/action/inline_action.php(24): call_user_func()
#2 IWEB_PATH/lib/web/controller/controller_class.php(115): IInlineAction->run()
#3 IWEB_PATH/lib/core/webapplication_class.php(75): IController->run(goods_update)
#4 IWEB_PATH/lib/core/application_class.php(94): IWebApplication->execRequest()
#5 IWEB_PATH/index.php(5): IApplication->run()
</ERROR_BLOCK>

<ERROR_BLOCK>
errorInfo: Undefined index: _cost_price
errorFile: IWEB_PATH/controllers/goods.php
errorLine: 168
errorCode: 8
errorTime: 2018-06-06 12:58:31
#0 : Goods->goods_update()
#1 IWEB_PATH/lib/web/action/inline_action.php(24): call_user_func()
#2 IWEB_PATH/lib/web/controller/controller_class.php(115): IInlineAction->run()
#3 IWEB_PATH/lib/core/webapplication_class.php(75): IController->run(goods_update)
#4 IWEB_PATH/lib/core/application_class.php(94): IWebApplication->execRequest()
#5 IWEB_PATH/index.php(5): IApplication->run()
</ERROR_BLOCK>

<ERROR_BLOCK>
errorInfo: Undefined index: _sell_price
errorFile: IWEB_PATH/controllers/goods.php
errorLine: 168
errorCode: 8
errorTime: 2018-06-06 12:58:46
#0 : Goods->goods_update()
#1 IWEB_PATH/lib/web/action/inline_action.php(24): call_user_func()
#2 IWEB_PATH/lib/web/controller/controller_class.php(115): IInlineAction->run()
#3 IWEB_PATH/lib/core/webapplication_class.php(75): IController->run(goods_update)
#4 IWEB_PATH/lib/core/application_class.php(94): IWebApplication->execRequest()
#5 IWEB_PATH/index.php(5): IApplication->run()
</ERROR_BLOCK>

<ERROR_BLOCK>
errorInfo: Undefined index: _cost_price
errorFile: IWEB_PATH/controllers/goods.php
errorLine: 168
errorCode: 8
errorTime: 2018-06-06 12:58:46
#0 : Goods->goods_update()
#1 IWEB_PATH/lib/web/action/inline_action.php(24): call_user_func()
#2 IWEB_PATH/lib/web/controller/controller_class.php(115): IInlineAction->run()
#3 IWEB_PATH/lib/core/webapplication_class.php(75): IController->run(goods_update)
#4 IWEB_PATH/lib/core/application_class.php(94): IWebApplication->execRequest()
#5 IWEB_PATH/index.php(5): IApplication->run()
</ERROR_BLOCK>

<ERROR_BLOCK>
errorInfo: Undefined index: _sell_price
errorFile: IWEB_PATH/controllers/goods.php
errorLine: 168
errorCode: 8
errorTime: 2018-06-06 12:59:25
#0 : Goods->goods_update()
#1 IWEB_PATH/lib/web/action/inline_action.php(24): call_user_func()
#2 IWEB_PATH/lib/web/controller/controller_class.php(115): IInlineAction->run()
#3 IWEB_PATH/lib/core/webapplication_class.php(75): IController->run(goods_update)
#4 IWEB_PATH/lib/core/application_class.php(94): IWebApplication->execRequest()
#5 IWEB_PATH/index.php(5): IApplication->run()
</ERROR_BLOCK>

<ERROR_BLOCK>
errorInfo: Undefined index: _cost_price
errorFile: IWEB_PATH/controllers/goods.php
errorLine: 169
errorCode: 8
errorTime: 2018-06-06 12:59:25
#0 : Goods->goods_update()
#1 IWEB_PATH/lib/web/action/inline_action.php(24): call_user_func()
#2 IWEB_PATH/lib/web/controller/controller_class.php(115): IInlineAction->run()
#3 IWEB_PATH/lib/core/webapplication_class.php(75): IController->run(goods_update)
#4 IWEB_PATH/lib/core/application_class.php(94): IWebApplication->execRequest()
#5 IWEB_PATH/index.php(5): IApplication->run()
</ERROR_BLOCK>

<ERROR_BLOCK>
errorInfo: Undefined index: _sell_price
errorFile: IWEB_PATH/controllers/goods.php
errorLine: 168
errorCode: 8
errorTime: 2018-06-06 12:59:49
#0 : Goods->goods_update()
#1 IWEB_PATH/lib/web/action/inline_action.php(24): call_user_func()
#2 IWEB_PATH/lib/web/controller/controller_class.php(115): IInlineAction->run()
#3 IWEB_PATH/lib/core/webapplication_class.php(75): IController->run(goods_update)
#4 IWEB_PATH/lib/core/application_class.php(94): IWebApplication->execRequest()
#5 IWEB_PATH/index.php(5): IApplication->run()
</ERROR_BLOCK>

<ERROR_BLOCK>
errorInfo: Undefined index: _cost_price
errorFile: IWEB_PATH/controllers/goods.php
errorLine: 169
errorCode: 8
errorTime: 2018-06-06 12:59:49
#0 : Goods->goods_update()
#1 IWEB_PATH/lib/web/action/inline_action.php(24): call_user_func()
#2 IWEB_PATH/lib/web/controller/controller_class.php(115): IInlineAction->run()
#3 IWEB_PATH/lib/core/webapplication_class.php(75): IController->run(goods_update)
#4 IWEB_PATH/lib/core/application_class.php(94): IWebApplication->execRequest()
#5 IWEB_PATH/index.php(5): IApplication->run()
</ERROR_BLOCK>

<ERROR_BLOCK>
errorInfo: Undefined index: _sell_price
errorFile: IWEB_PATH/controllers/goods.php
errorLine: 168
errorCode: 8
errorTime: 2018-06-06 13:00:58
#0 : Goods->goods_update()
#1 IWEB_PATH/lib/web/action/inline_action.php(24): call_user_func()
#2 IWEB_PATH/lib/web/controller/controller_class.php(115): IInlineAction->run()
#3 IWEB_PATH/lib/core/webapplication_class.php(75): IController->run(goods_update)
#4 IWEB_PATH/lib/core/application_class.php(94): IWebApplication->execRequest()
#5 IWEB_PATH/index.php(5): IApplication->run()
</ERROR_BLOCK>

<ERROR_BLOCK>
errorInfo: Undefined index: _cost_price
errorFile: IWEB_PATH/controllers/goods.php
errorLine: 169
errorCode: 8
errorTime: 2018-06-06 13:00:58
#0 : Goods->goods_update()
#1 IWEB_PATH/lib/web/action/inline_action.php(24): call_user_func()
#2 IWEB_PATH/lib/web/controller/controller_class.php(115): IInlineAction->run()
#3 IWEB_PATH/lib/core/webapplication_class.php(75): IController->run(goods_update)
#4 IWEB_PATH/lib/core/application_class.php(94): IWebApplication->execRequest()
#5 IWEB_PATH/index.php(5): IApplication->run()
</ERROR_BLOCK>

<ERROR_BLOCK>
errorInfo: mysqli::mysqli(): (HY000/2002): ï¿½ï¿½Ò»ï¿½ï¿½ï¿½Ş·ï¿½ï¿½ï¿½ï¿½Óµï¿½ï¿½ï¿½ç³¢ï¿½ï¿½ï¿½Ò»ï¿½ï¿½ï¿½×½ï¿½ï¿½Ö²ï¿½ï¿½ï¿½ï¿½

errorFile: IWEB_PATH/lib/db/driver/mysqli_class.php
errorLine: 27
errorCode: 2
errorTime: 2018-06-06 19:56:43
#0 IWEB_PATH/lib/db/driver/mysqli_class.php(27): mysqli->mysqli(101.201.239.155,root,root,iwebshop,3306)
#1 IWEB_PATH/lib/db/db_class.php(59): IMysqli->connect()
#2 IWEB_PATH/lib/db/db_class.php(144): IDB->rTarget()
#3 IWEB_PATH/lib/web/model/model_class.php(209): IDB->query(SELECT class_name FROM iwebshop_plugin WHERE is_open = 1 ORDER BY sort asc limit 50000)
#4 IWEB_PATH/classes/plugin.php(32): IModel->query(is_open = 1,class_name,sort asc)
#5 IWEB_PATH/classes/plugin.php(210): plugin::init()
#6 : plugin::onCreateApp()
#7 IWEB_PATH/lib/core/interceptor_class.php(114): call_user_func()
#8 IWEB_PATH/lib/core/application_class.php(93): IInterceptor::run(onCreateApp)
#9 IWEB_PATH/index.php(5): IApplication->run()
</ERROR_BLOCK>

<ERROR_BLOCK>
excepInfo: ÏòÒ»¸öÎŞ·¨Á¬½ÓµÄÍøÂç³¢ÊÔÁËÒ»¸öÌ×½Ó×Ö²Ù×÷¡£

excepFile: IWEB_PATH/lib/db/driver/mysqli_class.php
excepLine: 30
excepCode: 1000
excepTime: 2018-06-06 19:56:43
#0 IWEB_PATH/lib/db/db_class.php(59): IMysqli->connect()
#1 IWEB_PATH/lib/db/db_class.php(144): IDB->rTarget()
#2 IWEB_PATH/lib/web/model/model_class.php(209): IDB->query(SELECT class_name FROM iwebshop_plugin WHERE is_open = 1 ORDER BY sort asc limit 50000)
#3 IWEB_PATH/classes/plugin.php(32): IModel->query(is_open = 1,class_name,sort asc)
#4 IWEB_PATH/classes/plugin.php(210): plugin::init()
#5 : plugin::onCreateApp()
#6 IWEB_PATH/lib/core/interceptor_class.php(114): call_user_func()
#7 IWEB_PATH/lib/core/application_class.php(93): IInterceptor::run(onCreateApp)
#8 IWEB_PATH/index.php(5): IApplication->run()
</ERROR_BLOCK>

<ERROR_BLOCK>
errorInfo: mysqli::mysqli(): (HY000/2002): ï¿½ï¿½Ò»ï¿½ï¿½ï¿½Ş·ï¿½ï¿½ï¿½ï¿½Óµï¿½ï¿½ï¿½ç³¢ï¿½ï¿½ï¿½Ò»ï¿½ï¿½ï¿½×½ï¿½ï¿½Ö²ï¿½ï¿½ï¿½ï¿½

errorFile: IWEB_PATH/lib/db/driver/mysqli_class.php
errorLine: 27
errorCode: 2
errorTime: 2018-06-06 19:56:56
#0 IWEB_PATH/lib/db/driver/mysqli_class.php(27): mysqli->mysqli(101.201.239.155,root,root,iwebshop,3306)
#1 IWEB_PATH/lib/db/db_class.php(59): IMysqli->connect()
#2 IWEB_PATH/lib/db/db_class.php(144): IDB->rTarget()
#3 IWEB_PATH/lib/web/model/model_class.php(209): IDB->query(SELECT class_name FROM iwebshop_plugin WHERE is_open = 1 ORDER BY sort asc limit 50000)
#4 IWEB_PATH/classes/plugin.php(32): IModel->query(is_open = 1,class_name,sort asc)
#5 IWEB_PATH/classes/plugin.php(210): plugin::init()
#6 : plugin::onCreateApp()
#7 IWEB_PATH/lib/core/interceptor_class.php(114): call_user_func()
#8 IWEB_PATH/lib/core/application_class.php(93): IInterceptor::run(onCreateApp)
#9 IWEB_PATH/index.php(5): IApplication->run()
</ERROR_BLOCK>

<ERROR_BLOCK>
excepInfo: ÏòÒ»¸öÎŞ·¨Á¬½ÓµÄÍøÂç³¢ÊÔÁËÒ»¸öÌ×½Ó×Ö²Ù×÷¡£

excepFile: IWEB_PATH/lib/db/driver/mysqli_class.php
excepLine: 30
excepCode: 1000
excepTime: 2018-06-06 19:56:56
#0 IWEB_PATH/lib/db/db_class.php(59): IMysqli->connect()
#1 IWEB_PATH/lib/db/db_class.php(144): IDB->rTarget()
#2 IWEB_PATH/lib/web/model/model_class.php(209): IDB->query(SELECT class_name FROM iwebshop_plugin WHERE is_open = 1 ORDER BY sort asc limit 50000)
#3 IWEB_PATH/classes/plugin.php(32): IModel->query(is_open = 1,class_name,sort asc)
#4 IWEB_PATH/classes/plugin.php(210): plugin::init()
#5 : plugin::onCreateApp()
#6 IWEB_PATH/lib/core/interceptor_class.php(114): call_user_func()
#7 IWEB_PATH/lib/core/application_class.php(93): IInterceptor::run(onCreateApp)
#8 IWEB_PATH/index.php(5): IApplication->run()
</ERROR_BLOCK>

