<ERROR_BLOCK>
<<<<<<< HEAD
errorInfo: Undefined index: discount
errorFile: IWEB_PATH/classes/countsum.php
errorLine: 47
errorCode: 8
errorTime: 2018-06-19 09:32:06
#0 IWEB_PATH/controllers/site.php(425): CountSum->__construct()
#1 : Site->products()
#2 IWEB_PATH/lib/web/action/inline_action.php(24): call_user_func()
#3 IWEB_PATH/lib/web/controller/controller_class.php(174): IInlineAction->run()
#4 IWEB_PATH/lib/core/webapplication_class.php(75): IController->run(products)
#5 IWEB_PATH/lib/core/application_class.php(94): IWebApplication->execRequest()
#6 IWEB_PATH/index.php(5): IApplication->run()
</ERROR_BLOCK>

<ERROR_BLOCK>
errorInfo: Undefined index: discount
errorFile: IWEB_PATH/classes/countsum.php
errorLine: 47
errorCode: 8
errorTime: 2018-06-19 09:33:15
#0 IWEB_PATH/controllers/simple.php(291): CountSum->__construct(1)
#1 : Simple->cart2()
#2 IWEB_PATH/lib/web/action/inline_action.php(24): call_user_func()
#3 IWEB_PATH/lib/web/controller/controller_class.php(174): IInlineAction->run()
#4 IWEB_PATH/lib/core/webapplication_class.php(75): IController->run(cart2)
=======
errorInfo: Undefined variable: tiem
errorFile: IWEB_PATH/runtime/views/sysdefault/points/point_list.php
errorLine: 123
errorCode: 8
errorTime: 2018-06-19 10:32:00
#0 IWEB_PATH/lib/web/controller/controllerbase_class.php(116): require(IWEB_PATH/runtime/views/sysdefault/points/point_list.php)
#1 IWEB_PATH/lib/web/controller/controllerbase_class.php(82): IControllerBase->requireFile(IWEB_PATH/runtime/views/sysdefault/points/point_list.php)
#2 IWEB_PATH/lib/web/controller/controller_class.php(226): IControllerBase->renderView(IWEB_PATH/views/sysdefault/points/point_list,)
#3 IWEB_PATH/lib/web/action/view_action.php(35): IController->render(IWEB_PATH/views/sysdefault/points/point_list,)
#4 IWEB_PATH/lib/web/controller/controller_class.php(433): IViewAction->run()
#5 IWEB_PATH/controllers/points.php(91): IController->redirect(point_list)
#6 : Points->point_list()
#7 IWEB_PATH/lib/web/action/inline_action.php(24): call_user_func()
#8 IWEB_PATH/lib/web/controller/controller_class.php(174): IInlineAction->run()
#9 IWEB_PATH/lib/core/webapplication_class.php(75): IController->run(point_list)
#10 IWEB_PATH/lib/core/application_class.php(94): IWebApplication->execRequest()
#11 IWEB_PATH/index.php(5): IApplication->run()
</ERROR_BLOCK>

<ERROR_BLOCK>
errorInfo: Undefined variable: tiem
errorFile: IWEB_PATH/runtime/views/sysdefault/points/point_list.php
errorLine: 123
errorCode: 8
errorTime: 2018-06-19 10:32:00
#0 IWEB_PATH/lib/web/controller/controllerbase_class.php(116): require(IWEB_PATH/runtime/views/sysdefault/points/point_list.php)
#1 IWEB_PATH/lib/web/controller/controllerbase_class.php(82): IControllerBase->requireFile(IWEB_PATH/runtime/views/sysdefault/points/point_list.php)
#2 IWEB_PATH/lib/web/controller/controller_class.php(226): IControllerBase->renderView(IWEB_PATH/views/sysdefault/points/point_list,)
#3 IWEB_PATH/lib/web/action/view_action.php(35): IController->render(IWEB_PATH/views/sysdefault/points/point_list,)
#4 IWEB_PATH/lib/web/controller/controller_class.php(433): IViewAction->run()
#5 IWEB_PATH/controllers/points.php(91): IController->redirect(point_list)
#6 : Points->point_list()
#7 IWEB_PATH/lib/web/action/inline_action.php(24): call_user_func()
#8 IWEB_PATH/lib/web/controller/controller_class.php(174): IInlineAction->run()
#9 IWEB_PATH/lib/core/webapplication_class.php(75): IController->run(point_list)
#10 IWEB_PATH/lib/core/application_class.php(94): IWebApplication->execRequest()
#11 IWEB_PATH/index.php(5): IApplication->run()
</ERROR_BLOCK>

<ERROR_BLOCK>
errorInfo: Undefined variable: tiem
errorFile: IWEB_PATH/runtime/views/sysdefault/points/point_list.php
errorLine: 123
errorCode: 8
errorTime: 2018-06-19 10:32:14
#0 IWEB_PATH/lib/web/controller/controllerbase_class.php(116): require(IWEB_PATH/runtime/views/sysdefault/points/point_list.php)
#1 IWEB_PATH/lib/web/controller/controllerbase_class.php(82): IControllerBase->requireFile(IWEB_PATH/runtime/views/sysdefault/points/point_list.php)
#2 IWEB_PATH/lib/web/controller/controller_class.php(226): IControllerBase->renderView(IWEB_PATH/views/sysdefault/points/point_list,)
#3 IWEB_PATH/lib/web/action/view_action.php(35): IController->render(IWEB_PATH/views/sysdefault/points/point_list,)
#4 IWEB_PATH/lib/web/controller/controller_class.php(433): IViewAction->run()
#5 IWEB_PATH/controllers/points.php(91): IController->redirect(point_list)
#6 : Points->point_list()
#7 IWEB_PATH/lib/web/action/inline_action.php(24): call_user_func()
#8 IWEB_PATH/lib/web/controller/controller_class.php(174): IInlineAction->run()
#9 IWEB_PATH/lib/core/webapplication_class.php(75): IController->run(point_list)
#10 IWEB_PATH/lib/core/application_class.php(94): IWebApplication->execRequest()
#11 IWEB_PATH/index.php(5): IApplication->run()
</ERROR_BLOCK>

<ERROR_BLOCK>
errorInfo: Undefined variable: tiem
errorFile: IWEB_PATH/runtime/views/sysdefault/points/point_list.php
errorLine: 123
errorCode: 8
errorTime: 2018-06-19 10:32:14
#0 IWEB_PATH/lib/web/controller/controllerbase_class.php(116): require(IWEB_PATH/runtime/views/sysdefault/points/point_list.php)
#1 IWEB_PATH/lib/web/controller/controllerbase_class.php(82): IControllerBase->requireFile(IWEB_PATH/runtime/views/sysdefault/points/point_list.php)
#2 IWEB_PATH/lib/web/controller/controller_class.php(226): IControllerBase->renderView(IWEB_PATH/views/sysdefault/points/point_list,)
#3 IWEB_PATH/lib/web/action/view_action.php(35): IController->render(IWEB_PATH/views/sysdefault/points/point_list,)
#4 IWEB_PATH/lib/web/controller/controller_class.php(433): IViewAction->run()
#5 IWEB_PATH/controllers/points.php(91): IController->redirect(point_list)
#6 : Points->point_list()
#7 IWEB_PATH/lib/web/action/inline_action.php(24): call_user_func()
#8 IWEB_PATH/lib/web/controller/controller_class.php(174): IInlineAction->run()
#9 IWEB_PATH/lib/core/webapplication_class.php(75): IController->run(point_list)
#10 IWEB_PATH/lib/core/application_class.php(94): IWebApplication->execRequest()
#11 IWEB_PATH/index.php(5): IApplication->run()
</ERROR_BLOCK>

<ERROR_BLOCK>
errorInfo: Undefined variable: tiem
errorFile: IWEB_PATH/runtime/views/sysdefault/points/point_list.php
errorLine: 123
errorCode: 8
errorTime: 2018-06-19 10:32:15
#0 IWEB_PATH/lib/web/controller/controllerbase_class.php(116): require(IWEB_PATH/runtime/views/sysdefault/points/point_list.php)
#1 IWEB_PATH/lib/web/controller/controllerbase_class.php(82): IControllerBase->requireFile(IWEB_PATH/runtime/views/sysdefault/points/point_list.php)
#2 IWEB_PATH/lib/web/controller/controller_class.php(226): IControllerBase->renderView(IWEB_PATH/views/sysdefault/points/point_list,)
#3 IWEB_PATH/lib/web/action/view_action.php(35): IController->render(IWEB_PATH/views/sysdefault/points/point_list,)
#4 IWEB_PATH/lib/web/controller/controller_class.php(433): IViewAction->run()
#5 IWEB_PATH/controllers/points.php(91): IController->redirect(point_list)
#6 : Points->point_list()
#7 IWEB_PATH/lib/web/action/inline_action.php(24): call_user_func()
#8 IWEB_PATH/lib/web/controller/controller_class.php(174): IInlineAction->run()
#9 IWEB_PATH/lib/core/webapplication_class.php(75): IController->run(point_list)
#10 IWEB_PATH/lib/core/application_class.php(94): IWebApplication->execRequest()
#11 IWEB_PATH/index.php(5): IApplication->run()
</ERROR_BLOCK>

<ERROR_BLOCK>
errorInfo: Undefined variable: tiem
errorFile: IWEB_PATH/runtime/views/sysdefault/points/point_list.php
errorLine: 123
errorCode: 8
errorTime: 2018-06-19 10:32:15
#0 IWEB_PATH/lib/web/controller/controllerbase_class.php(116): require(IWEB_PATH/runtime/views/sysdefault/points/point_list.php)
#1 IWEB_PATH/lib/web/controller/controllerbase_class.php(82): IControllerBase->requireFile(IWEB_PATH/runtime/views/sysdefault/points/point_list.php)
#2 IWEB_PATH/lib/web/controller/controller_class.php(226): IControllerBase->renderView(IWEB_PATH/views/sysdefault/points/point_list,)
#3 IWEB_PATH/lib/web/action/view_action.php(35): IController->render(IWEB_PATH/views/sysdefault/points/point_list,)
#4 IWEB_PATH/lib/web/controller/controller_class.php(433): IViewAction->run()
#5 IWEB_PATH/controllers/points.php(91): IController->redirect(point_list)
#6 : Points->point_list()
#7 IWEB_PATH/lib/web/action/inline_action.php(24): call_user_func()
#8 IWEB_PATH/lib/web/controller/controller_class.php(174): IInlineAction->run()
#9 IWEB_PATH/lib/core/webapplication_class.php(75): IController->run(point_list)
#10 IWEB_PATH/lib/core/application_class.php(94): IWebApplication->execRequest()
#11 IWEB_PATH/index.php(5): IApplication->run()
</ERROR_BLOCK>

<ERROR_BLOCK>
errorInfo: Undefined variable: tiem
errorFile: IWEB_PATH/runtime/views/sysdefault/points/point_list.php
errorLine: 123
errorCode: 8
errorTime: 2018-06-19 10:32:18
#0 IWEB_PATH/lib/web/controller/controllerbase_class.php(116): require(IWEB_PATH/runtime/views/sysdefault/points/point_list.php)
#1 IWEB_PATH/lib/web/controller/controllerbase_class.php(82): IControllerBase->requireFile(IWEB_PATH/runtime/views/sysdefault/points/point_list.php)
#2 IWEB_PATH/lib/web/controller/controller_class.php(226): IControllerBase->renderView(IWEB_PATH/views/sysdefault/points/point_list,)
#3 IWEB_PATH/lib/web/action/view_action.php(35): IController->render(IWEB_PATH/views/sysdefault/points/point_list,)
#4 IWEB_PATH/lib/web/controller/controller_class.php(433): IViewAction->run()
#5 IWEB_PATH/controllers/points.php(91): IController->redirect(point_list)
#6 : Points->point_list()
#7 IWEB_PATH/lib/web/action/inline_action.php(24): call_user_func()
#8 IWEB_PATH/lib/web/controller/controller_class.php(174): IInlineAction->run()
#9 IWEB_PATH/lib/core/webapplication_class.php(75): IController->run(point_list)
#10 IWEB_PATH/lib/core/application_class.php(94): IWebApplication->execRequest()
#11 IWEB_PATH/index.php(5): IApplication->run()
</ERROR_BLOCK>

<ERROR_BLOCK>
errorInfo: Undefined variable: tiem
errorFile: IWEB_PATH/runtime/views/sysdefault/points/point_list.php
errorLine: 123
errorCode: 8
errorTime: 2018-06-19 10:32:18
#0 IWEB_PATH/lib/web/controller/controllerbase_class.php(116): require(IWEB_PATH/runtime/views/sysdefault/points/point_list.php)
#1 IWEB_PATH/lib/web/controller/controllerbase_class.php(82): IControllerBase->requireFile(IWEB_PATH/runtime/views/sysdefault/points/point_list.php)
#2 IWEB_PATH/lib/web/controller/controller_class.php(226): IControllerBase->renderView(IWEB_PATH/views/sysdefault/points/point_list,)
#3 IWEB_PATH/lib/web/action/view_action.php(35): IController->render(IWEB_PATH/views/sysdefault/points/point_list,)
#4 IWEB_PATH/lib/web/controller/controller_class.php(433): IViewAction->run()
#5 IWEB_PATH/controllers/points.php(91): IController->redirect(point_list)
#6 : Points->point_list()
#7 IWEB_PATH/lib/web/action/inline_action.php(24): call_user_func()
#8 IWEB_PATH/lib/web/controller/controller_class.php(174): IInlineAction->run()
#9 IWEB_PATH/lib/core/webapplication_class.php(75): IController->run(point_list)
#10 IWEB_PATH/lib/core/application_class.php(94): IWebApplication->execRequest()
#11 IWEB_PATH/index.php(5): IApplication->run()
</ERROR_BLOCK>

<ERROR_BLOCK>
errorInfo: Undefined variable: tiem
errorFile: IWEB_PATH/runtime/views/sysdefault/points/point_list.php
errorLine: 123
errorCode: 8
errorTime: 2018-06-19 10:33:29
#0 IWEB_PATH/lib/web/controller/controllerbase_class.php(116): require(IWEB_PATH/runtime/views/sysdefault/points/point_list.php)
#1 IWEB_PATH/lib/web/controller/controllerbase_class.php(82): IControllerBase->requireFile(IWEB_PATH/runtime/views/sysdefault/points/point_list.php)
#2 IWEB_PATH/lib/web/controller/controller_class.php(226): IControllerBase->renderView(IWEB_PATH/views/sysdefault/points/point_list,)
#3 IWEB_PATH/lib/web/action/view_action.php(35): IController->render(IWEB_PATH/views/sysdefault/points/point_list,)
#4 IWEB_PATH/lib/web/controller/controller_class.php(433): IViewAction->run()
#5 IWEB_PATH/controllers/points.php(91): IController->redirect(point_list)
#6 : Points->point_list()
#7 IWEB_PATH/lib/web/action/inline_action.php(24): call_user_func()
#8 IWEB_PATH/lib/web/controller/controller_class.php(174): IInlineAction->run()
#9 IWEB_PATH/lib/core/webapplication_class.php(75): IController->run(point_list)
#10 IWEB_PATH/lib/core/application_class.php(94): IWebApplication->execRequest()
#11 IWEB_PATH/index.php(5): IApplication->run()
</ERROR_BLOCK>

<ERROR_BLOCK>
errorInfo: Undefined variable: tiem
errorFile: IWEB_PATH/runtime/views/sysdefault/points/point_list.php
errorLine: 123
errorCode: 8
errorTime: 2018-06-19 10:33:29
#0 IWEB_PATH/lib/web/controller/controllerbase_class.php(116): require(IWEB_PATH/runtime/views/sysdefault/points/point_list.php)
#1 IWEB_PATH/lib/web/controller/controllerbase_class.php(82): IControllerBase->requireFile(IWEB_PATH/runtime/views/sysdefault/points/point_list.php)
#2 IWEB_PATH/lib/web/controller/controller_class.php(226): IControllerBase->renderView(IWEB_PATH/views/sysdefault/points/point_list,)
#3 IWEB_PATH/lib/web/action/view_action.php(35): IController->render(IWEB_PATH/views/sysdefault/points/point_list,)
#4 IWEB_PATH/lib/web/controller/controller_class.php(433): IViewAction->run()
#5 IWEB_PATH/controllers/points.php(91): IController->redirect(point_list)
#6 : Points->point_list()
#7 IWEB_PATH/lib/web/action/inline_action.php(24): call_user_func()
#8 IWEB_PATH/lib/web/controller/controller_class.php(174): IInlineAction->run()
#9 IWEB_PATH/lib/core/webapplication_class.php(75): IController->run(point_list)
#10 IWEB_PATH/lib/core/application_class.php(94): IWebApplication->execRequest()
#11 IWEB_PATH/index.php(5): IApplication->run()
</ERROR_BLOCK>

<ERROR_BLOCK>
errorInfo: Undefined variable: tiem
errorFile: IWEB_PATH/runtime/views/sysdefault/points/point_list.php
errorLine: 123
errorCode: 8
errorTime: 2018-06-19 10:33:40
#0 IWEB_PATH/lib/web/controller/controllerbase_class.php(116): require(IWEB_PATH/runtime/views/sysdefault/points/point_list.php)
#1 IWEB_PATH/lib/web/controller/controllerbase_class.php(82): IControllerBase->requireFile(IWEB_PATH/runtime/views/sysdefault/points/point_list.php)
#2 IWEB_PATH/lib/web/controller/controller_class.php(226): IControllerBase->renderView(IWEB_PATH/views/sysdefault/points/point_list,)
#3 IWEB_PATH/lib/web/action/view_action.php(35): IController->render(IWEB_PATH/views/sysdefault/points/point_list,)
#4 IWEB_PATH/lib/web/controller/controller_class.php(433): IViewAction->run()
#5 IWEB_PATH/controllers/points.php(91): IController->redirect(point_list)
#6 : Points->point_list()
#7 IWEB_PATH/lib/web/action/inline_action.php(24): call_user_func()
#8 IWEB_PATH/lib/web/controller/controller_class.php(174): IInlineAction->run()
#9 IWEB_PATH/lib/core/webapplication_class.php(75): IController->run(point_list)
#10 IWEB_PATH/lib/core/application_class.php(94): IWebApplication->execRequest()
#11 IWEB_PATH/index.php(5): IApplication->run()
</ERROR_BLOCK>

<ERROR_BLOCK>
errorInfo: Undefined variable: tiem
errorFile: IWEB_PATH/runtime/views/sysdefault/points/point_list.php
errorLine: 123
errorCode: 8
errorTime: 2018-06-19 10:33:40
#0 IWEB_PATH/lib/web/controller/controllerbase_class.php(116): require(IWEB_PATH/runtime/views/sysdefault/points/point_list.php)
#1 IWEB_PATH/lib/web/controller/controllerbase_class.php(82): IControllerBase->requireFile(IWEB_PATH/runtime/views/sysdefault/points/point_list.php)
#2 IWEB_PATH/lib/web/controller/controller_class.php(226): IControllerBase->renderView(IWEB_PATH/views/sysdefault/points/point_list,)
#3 IWEB_PATH/lib/web/action/view_action.php(35): IController->render(IWEB_PATH/views/sysdefault/points/point_list,)
#4 IWEB_PATH/lib/web/controller/controller_class.php(433): IViewAction->run()
#5 IWEB_PATH/controllers/points.php(91): IController->redirect(point_list)
#6 : Points->point_list()
#7 IWEB_PATH/lib/web/action/inline_action.php(24): call_user_func()
#8 IWEB_PATH/lib/web/controller/controller_class.php(174): IInlineAction->run()
#9 IWEB_PATH/lib/core/webapplication_class.php(75): IController->run(point_list)
#10 IWEB_PATH/lib/core/application_class.php(94): IWebApplication->execRequest()
#11 IWEB_PATH/index.php(5): IApplication->run()
</ERROR_BLOCK>

<ERROR_BLOCK>
errorInfo: Missing argument 1 for IModel::update(), called in D:\phpStudy\PHPTutorial\WWW\iwebshop\controllers\points.php on line 105 and defined
errorFile: IWEB_PATH/lib/web/model/model_class.php
errorLine: 81
errorCode: 2
errorTime: 2018-06-19 10:38:13
#0 IWEB_PATH/controllers/points.php(105): IModel->update()
#1 : Points->point_del()
#2 IWEB_PATH/lib/web/action/inline_action.php(24): call_user_func()
#3 IWEB_PATH/lib/web/controller/controller_class.php(174): IInlineAction->run()
#4 IWEB_PATH/lib/core/webapplication_class.php(75): IController->run(point_del)
>>>>>>> nzf
#5 IWEB_PATH/lib/core/application_class.php(94): IWebApplication->execRequest()
#6 IWEB_PATH/index.php(5): IApplication->run()
</ERROR_BLOCK>

<ERROR_BLOCK>
<<<<<<< HEAD
errorInfo: Undefined index: discount
errorFile: IWEB_PATH/classes/countsum.php
errorLine: 47
errorCode: 8
errorTime: 2018-06-19 09:33:20
#0 IWEB_PATH/controllers/simple.php(391): CountSum->__construct(1)
#1 : Simple->cart3()
#2 IWEB_PATH/lib/web/action/inline_action.php(24): call_user_func()
#3 IWEB_PATH/lib/web/controller/controller_class.php(174): IInlineAction->run()
#4 IWEB_PATH/lib/core/webapplication_class.php(75): IController->run(cart3)
=======
errorInfo: Undefined variable: where
errorFile: IWEB_PATH/lib/web/model/model_class.php
errorLine: 85
errorCode: 8
errorTime: 2018-06-19 10:38:13
#0 IWEB_PATH/controllers/points.php(105): IModel->update()
#1 : Points->point_del()
#2 IWEB_PATH/lib/web/action/inline_action.php(24): call_user_func()
#3 IWEB_PATH/lib/web/controller/controller_class.php(174): IInlineAction->run()
#4 IWEB_PATH/lib/core/webapplication_class.php(75): IController->run(point_del)
>>>>>>> nzf
#5 IWEB_PATH/lib/core/application_class.php(94): IWebApplication->execRequest()
#6 IWEB_PATH/index.php(5): IApplication->run()
</ERROR_BLOCK>

<ERROR_BLOCK>
<<<<<<< HEAD
errorInfo: Undefined index: discount
errorFile: IWEB_PATH/classes/countsum.php
errorLine: 47
errorCode: 8
errorTime: 2018-06-19 09:35:56
#0 IWEB_PATH/controllers/site.php(425): CountSum->__construct()
#1 : Site->products()
#2 IWEB_PATH/lib/web/action/inline_action.php(24): call_user_func()
#3 IWEB_PATH/lib/web/controller/controller_class.php(174): IInlineAction->run()
#4 IWEB_PATH/lib/core/webapplication_class.php(75): IController->run(products)
=======
errorInfo: Undefined variable: where
errorFile: IWEB_PATH/lib/web/model/model_class.php
errorLine: 85
errorCode: 8
errorTime: 2018-06-19 10:38:13
#0 IWEB_PATH/controllers/points.php(105): IModel->update()
#1 : Points->point_del()
#2 IWEB_PATH/lib/web/action/inline_action.php(24): call_user_func()
#3 IWEB_PATH/lib/web/controller/controller_class.php(174): IInlineAction->run()
#4 IWEB_PATH/lib/core/webapplication_class.php(75): IController->run(point_del)
>>>>>>> nzf
#5 IWEB_PATH/lib/core/application_class.php(94): IWebApplication->execRequest()
#6 IWEB_PATH/index.php(5): IApplication->run()
</ERROR_BLOCK>

<ERROR_BLOCK>
<<<<<<< HEAD
errorInfo: Undefined index: discount
errorFile: IWEB_PATH/classes/countsum.php
errorLine: 47
errorCode: 8
errorTime: 2018-06-19 09:36:03
#0 IWEB_PATH/controllers/simple.php(291): CountSum->__construct(1)
#1 : Simple->cart2()
#2 IWEB_PATH/lib/web/action/inline_action.php(24): call_user_func()
#3 IWEB_PATH/lib/web/controller/controller_class.php(174): IInlineAction->run()
#4 IWEB_PATH/lib/core/webapplication_class.php(75): IController->run(cart2)
#5 IWEB_PATH/lib/core/application_class.php(94): IWebApplication->execRequest()
#6 IWEB_PATH/index.php(5): IApplication->run()
</ERROR_BLOCK>

<ERROR_BLOCK>
errorInfo: Undefined index: discount
errorFile: IWEB_PATH/classes/countsum.php
errorLine: 47
errorCode: 8
errorTime: 2018-06-19 09:36:07
#0 IWEB_PATH/controllers/simple.php(391): CountSum->__construct(1)
#1 : Simple->cart3()
#2 IWEB_PATH/lib/web/action/inline_action.php(24): call_user_func()
#3 IWEB_PATH/lib/web/controller/controller_class.php(174): IInlineAction->run()
#4 IWEB_PATH/lib/core/webapplication_class.php(75): IController->run(cart3)
#5 IWEB_PATH/lib/core/application_class.php(94): IWebApplication->execRequest()
#6 IWEB_PATH/index.php(5): IApplication->run()
</ERROR_BLOCK>

<ERROR_BLOCK>
errorInfo: Undefined index: discount
errorFile: IWEB_PATH/classes/countsum.php
errorLine: 47
errorCode: 8
errorTime: 2018-06-19 09:37:07
#0 IWEB_PATH/controllers/site.php(425): CountSum->__construct()
#1 : Site->products()
#2 IWEB_PATH/lib/web/action/inline_action.php(24): call_user_func()
#3 IWEB_PATH/lib/web/controller/controller_class.php(174): IInlineAction->run()
#4 IWEB_PATH/lib/core/webapplication_class.php(75): IController->run(products)
#5 IWEB_PATH/lib/core/application_class.php(94): IWebApplication->execRequest()
#6 IWEB_PATH/index.php(5): IApplication->run()
=======
excepInfo: UPDATE iwebshop_point_sum SET  `is_show` = '0'  WHERE 
 -- You have an error in your SQL syntax; check the manual that corresponds to your MySQL server version for the right syntax to use near '' at line 1
excepFile: IWEB_PATH/lib/db/db_class.php
excepLine: 166
excepCode: 1000
excepTime: 2018-06-19 10:38:13
#0 IWEB_PATH/lib/web/model/model_class.php(104): IDB->query(UPDATE iwebshop_point_sum SET  `is_show` = '0'  WHERE )
#1 IWEB_PATH/controllers/points.php(105): IModel->update()
#2 : Points->point_del()
#3 IWEB_PATH/lib/web/action/inline_action.php(24): call_user_func()
#4 IWEB_PATH/lib/web/controller/controller_class.php(174): IInlineAction->run()
#5 IWEB_PATH/lib/core/webapplication_class.php(75): IController->run(point_del)
#6 IWEB_PATH/lib/core/application_class.php(94): IWebApplication->execRequest()
#7 IWEB_PATH/index.php(5): IApplication->run()
</ERROR_BLOCK>

<ERROR_BLOCK>
errorInfo: Undefined variable: tiem
errorFile: IWEB_PATH/runtime/views/sysdefault/points/point_list.php
errorLine: 123
errorCode: 8
errorTime: 2018-06-19 10:38:18
#0 IWEB_PATH/lib/web/controller/controllerbase_class.php(116): require(IWEB_PATH/runtime/views/sysdefault/points/point_list.php)
#1 IWEB_PATH/lib/web/controller/controllerbase_class.php(82): IControllerBase->requireFile(IWEB_PATH/runtime/views/sysdefault/points/point_list.php)
#2 IWEB_PATH/lib/web/controller/controller_class.php(226): IControllerBase->renderView(IWEB_PATH/views/sysdefault/points/point_list,)
#3 IWEB_PATH/lib/web/action/view_action.php(35): IController->render(IWEB_PATH/views/sysdefault/points/point_list,)
#4 IWEB_PATH/lib/web/controller/controller_class.php(433): IViewAction->run()
#5 IWEB_PATH/controllers/points.php(91): IController->redirect(point_list)
#6 : Points->point_list()
#7 IWEB_PATH/lib/web/action/inline_action.php(24): call_user_func()
#8 IWEB_PATH/lib/web/controller/controller_class.php(174): IInlineAction->run()
#9 IWEB_PATH/lib/core/webapplication_class.php(75): IController->run(point_list)
#10 IWEB_PATH/lib/core/application_class.php(94): IWebApplication->execRequest()
#11 IWEB_PATH/index.php(5): IApplication->run()
</ERROR_BLOCK>

<ERROR_BLOCK>
errorInfo: Undefined variable: tiem
errorFile: IWEB_PATH/runtime/views/sysdefault/points/point_list.php
errorLine: 123
errorCode: 8
errorTime: 2018-06-19 10:38:18
#0 IWEB_PATH/lib/web/controller/controllerbase_class.php(116): require(IWEB_PATH/runtime/views/sysdefault/points/point_list.php)
#1 IWEB_PATH/lib/web/controller/controllerbase_class.php(82): IControllerBase->requireFile(IWEB_PATH/runtime/views/sysdefault/points/point_list.php)
#2 IWEB_PATH/lib/web/controller/controller_class.php(226): IControllerBase->renderView(IWEB_PATH/views/sysdefault/points/point_list,)
#3 IWEB_PATH/lib/web/action/view_action.php(35): IController->render(IWEB_PATH/views/sysdefault/points/point_list,)
#4 IWEB_PATH/lib/web/controller/controller_class.php(433): IViewAction->run()
#5 IWEB_PATH/controllers/points.php(91): IController->redirect(point_list)
#6 : Points->point_list()
#7 IWEB_PATH/lib/web/action/inline_action.php(24): call_user_func()
#8 IWEB_PATH/lib/web/controller/controller_class.php(174): IInlineAction->run()
#9 IWEB_PATH/lib/core/webapplication_class.php(75): IController->run(point_list)
#10 IWEB_PATH/lib/core/application_class.php(94): IWebApplication->execRequest()
#11 IWEB_PATH/index.php(5): IApplication->run()
</ERROR_BLOCK>

<ERROR_BLOCK>
errorInfo: Missing argument 1 for IModel::update(), called in D:\phpStudy\PHPTutorial\WWW\iwebshop\controllers\points.php on line 105 and defined
errorFile: IWEB_PATH/lib/web/model/model_class.php
errorLine: 81
errorCode: 2
errorTime: 2018-06-19 10:38:30
#0 IWEB_PATH/controllers/points.php(105): IModel->update()
#1 : Points->point_del()
#2 IWEB_PATH/lib/web/action/inline_action.php(24): call_user_func()
#3 IWEB_PATH/lib/web/controller/controller_class.php(174): IInlineAction->run()
#4 IWEB_PATH/lib/core/webapplication_class.php(75): IController->run(point_del)
#5 IWEB_PATH/lib/core/application_class.php(94): IWebApplication->execRequest()
#6 IWEB_PATH/index.php(5): IApplication->run()
</ERROR_BLOCK>

<ERROR_BLOCK>
errorInfo: Undefined variable: where
errorFile: IWEB_PATH/lib/web/model/model_class.php
errorLine: 85
errorCode: 8
errorTime: 2018-06-19 10:38:30
#0 IWEB_PATH/controllers/points.php(105): IModel->update()
#1 : Points->point_del()
#2 IWEB_PATH/lib/web/action/inline_action.php(24): call_user_func()
#3 IWEB_PATH/lib/web/controller/controller_class.php(174): IInlineAction->run()
#4 IWEB_PATH/lib/core/webapplication_class.php(75): IController->run(point_del)
#5 IWEB_PATH/lib/core/application_class.php(94): IWebApplication->execRequest()
#6 IWEB_PATH/index.php(5): IApplication->run()
</ERROR_BLOCK>

<ERROR_BLOCK>
errorInfo: Undefined variable: where
errorFile: IWEB_PATH/lib/web/model/model_class.php
errorLine: 85
errorCode: 8
errorTime: 2018-06-19 10:38:30
#0 IWEB_PATH/controllers/points.php(105): IModel->update()
#1 : Points->point_del()
#2 IWEB_PATH/lib/web/action/inline_action.php(24): call_user_func()
#3 IWEB_PATH/lib/web/controller/controller_class.php(174): IInlineAction->run()
#4 IWEB_PATH/lib/core/webapplication_class.php(75): IController->run(point_del)
#5 IWEB_PATH/lib/core/application_class.php(94): IWebApplication->execRequest()
#6 IWEB_PATH/index.php(5): IApplication->run()
</ERROR_BLOCK>

<ERROR_BLOCK>
excepInfo: UPDATE iwebshop_point_sum SET  `is_show` = '0'  WHERE 
 -- You have an error in your SQL syntax; check the manual that corresponds to your MySQL server version for the right syntax to use near '' at line 1
excepFile: IWEB_PATH/lib/db/db_class.php
excepLine: 166
excepCode: 1000
excepTime: 2018-06-19 10:38:31
#0 IWEB_PATH/lib/web/model/model_class.php(104): IDB->query(UPDATE iwebshop_point_sum SET  `is_show` = '0'  WHERE )
#1 IWEB_PATH/controllers/points.php(105): IModel->update()
#2 : Points->point_del()
#3 IWEB_PATH/lib/web/action/inline_action.php(24): call_user_func()
#4 IWEB_PATH/lib/web/controller/controller_class.php(174): IInlineAction->run()
#5 IWEB_PATH/lib/core/webapplication_class.php(75): IController->run(point_del)
#6 IWEB_PATH/lib/core/application_class.php(94): IWebApplication->execRequest()
#7 IWEB_PATH/index.php(5): IApplication->run()
</ERROR_BLOCK>

<ERROR_BLOCK>
errorInfo: Undefined variable: tiem
errorFile: IWEB_PATH/runtime/views/sysdefault/points/point_list.php
errorLine: 123
errorCode: 8
errorTime: 2018-06-19 10:39:11
#0 IWEB_PATH/lib/web/controller/controllerbase_class.php(116): require(IWEB_PATH/runtime/views/sysdefault/points/point_list.php)
#1 IWEB_PATH/lib/web/controller/controllerbase_class.php(82): IControllerBase->requireFile(IWEB_PATH/runtime/views/sysdefault/points/point_list.php)
#2 IWEB_PATH/lib/web/controller/controller_class.php(226): IControllerBase->renderView(IWEB_PATH/views/sysdefault/points/point_list,)
#3 IWEB_PATH/lib/web/action/view_action.php(35): IController->render(IWEB_PATH/views/sysdefault/points/point_list,)
#4 IWEB_PATH/lib/web/controller/controller_class.php(433): IViewAction->run()
#5 IWEB_PATH/controllers/points.php(91): IController->redirect(point_list)
#6 : Points->point_list()
#7 IWEB_PATH/lib/web/action/inline_action.php(24): call_user_func()
#8 IWEB_PATH/lib/web/controller/controller_class.php(174): IInlineAction->run()
#9 IWEB_PATH/lib/core/webapplication_class.php(75): IController->run(point_list)
#10 IWEB_PATH/lib/core/application_class.php(94): IWebApplication->execRequest()
#11 IWEB_PATH/index.php(5): IApplication->run()
</ERROR_BLOCK>

<ERROR_BLOCK>
errorInfo: Undefined variable: tiem
errorFile: IWEB_PATH/runtime/views/sysdefault/points/point_list.php
errorLine: 123
errorCode: 8
errorTime: 2018-06-19 10:39:11
#0 IWEB_PATH/lib/web/controller/controllerbase_class.php(116): require(IWEB_PATH/runtime/views/sysdefault/points/point_list.php)
#1 IWEB_PATH/lib/web/controller/controllerbase_class.php(82): IControllerBase->requireFile(IWEB_PATH/runtime/views/sysdefault/points/point_list.php)
#2 IWEB_PATH/lib/web/controller/controller_class.php(226): IControllerBase->renderView(IWEB_PATH/views/sysdefault/points/point_list,)
#3 IWEB_PATH/lib/web/action/view_action.php(35): IController->render(IWEB_PATH/views/sysdefault/points/point_list,)
#4 IWEB_PATH/lib/web/controller/controller_class.php(433): IViewAction->run()
#5 IWEB_PATH/controllers/points.php(91): IController->redirect(point_list)
#6 : Points->point_list()
#7 IWEB_PATH/lib/web/action/inline_action.php(24): call_user_func()
#8 IWEB_PATH/lib/web/controller/controller_class.php(174): IInlineAction->run()
#9 IWEB_PATH/lib/core/webapplication_class.php(75): IController->run(point_list)
#10 IWEB_PATH/lib/core/application_class.php(94): IWebApplication->execRequest()
#11 IWEB_PATH/index.php(5): IApplication->run()
</ERROR_BLOCK>

<ERROR_BLOCK>
errorInfo: Undefined variable: tiem
errorFile: IWEB_PATH/runtime/views/sysdefault/points/point_list.php
errorLine: 123
errorCode: 8
errorTime: 2018-06-19 10:40:24
#0 IWEB_PATH/lib/web/controller/controllerbase_class.php(116): require(IWEB_PATH/runtime/views/sysdefault/points/point_list.php)
#1 IWEB_PATH/lib/web/controller/controllerbase_class.php(82): IControllerBase->requireFile(IWEB_PATH/runtime/views/sysdefault/points/point_list.php)
#2 IWEB_PATH/lib/web/controller/controller_class.php(226): IControllerBase->renderView(IWEB_PATH/views/sysdefault/points/point_list,)
#3 IWEB_PATH/lib/web/action/view_action.php(35): IController->render(IWEB_PATH/views/sysdefault/points/point_list,)
#4 IWEB_PATH/lib/web/controller/controller_class.php(433): IViewAction->run()
#5 IWEB_PATH/controllers/points.php(91): IController->redirect(point_list)
#6 : Points->point_list()
#7 IWEB_PATH/lib/web/action/inline_action.php(24): call_user_func()
#8 IWEB_PATH/lib/web/controller/controller_class.php(174): IInlineAction->run()
#9 IWEB_PATH/lib/core/webapplication_class.php(75): IController->run(point_list)
#10 IWEB_PATH/lib/core/application_class.php(94): IWebApplication->execRequest()
#11 IWEB_PATH/index.php(5): IApplication->run()
</ERROR_BLOCK>

<ERROR_BLOCK>
errorInfo: Undefined variable: tiem
errorFile: IWEB_PATH/runtime/views/sysdefault/points/point_list.php
errorLine: 123
errorCode: 8
errorTime: 2018-06-19 10:40:24
#0 IWEB_PATH/lib/web/controller/controllerbase_class.php(116): require(IWEB_PATH/runtime/views/sysdefault/points/point_list.php)
#1 IWEB_PATH/lib/web/controller/controllerbase_class.php(82): IControllerBase->requireFile(IWEB_PATH/runtime/views/sysdefault/points/point_list.php)
#2 IWEB_PATH/lib/web/controller/controller_class.php(226): IControllerBase->renderView(IWEB_PATH/views/sysdefault/points/point_list,)
#3 IWEB_PATH/lib/web/action/view_action.php(35): IController->render(IWEB_PATH/views/sysdefault/points/point_list,)
#4 IWEB_PATH/lib/web/controller/controller_class.php(433): IViewAction->run()
#5 IWEB_PATH/controllers/points.php(91): IController->redirect(point_list)
#6 : Points->point_list()
#7 IWEB_PATH/lib/web/action/inline_action.php(24): call_user_func()
#8 IWEB_PATH/lib/web/controller/controller_class.php(174): IInlineAction->run()
#9 IWEB_PATH/lib/core/webapplication_class.php(75): IController->run(point_list)
#10 IWEB_PATH/lib/core/application_class.php(94): IWebApplication->execRequest()
#11 IWEB_PATH/index.php(5): IApplication->run()
</ERROR_BLOCK>

<ERROR_BLOCK>
errorInfo: Undefined variable: tiem
errorFile: IWEB_PATH/runtime/views/sysdefault/points/point_list.php
errorLine: 123
errorCode: 8
errorTime: 2018-06-19 10:40:27
#0 IWEB_PATH/lib/web/controller/controllerbase_class.php(116): require(IWEB_PATH/runtime/views/sysdefault/points/point_list.php)
#1 IWEB_PATH/lib/web/controller/controllerbase_class.php(82): IControllerBase->requireFile(IWEB_PATH/runtime/views/sysdefault/points/point_list.php)
#2 IWEB_PATH/lib/web/controller/controller_class.php(226): IControllerBase->renderView(IWEB_PATH/views/sysdefault/points/point_list,)
#3 IWEB_PATH/lib/web/action/view_action.php(35): IController->render(IWEB_PATH/views/sysdefault/points/point_list,)
#4 IWEB_PATH/lib/web/controller/controller_class.php(433): IViewAction->run()
#5 IWEB_PATH/controllers/points.php(91): IController->redirect(point_list)
#6 : Points->point_list()
#7 IWEB_PATH/lib/web/action/inline_action.php(24): call_user_func()
#8 IWEB_PATH/lib/web/controller/controller_class.php(174): IInlineAction->run()
#9 IWEB_PATH/lib/core/webapplication_class.php(75): IController->run(point_list)
#10 IWEB_PATH/lib/core/application_class.php(94): IWebApplication->execRequest()
#11 IWEB_PATH/index.php(5): IApplication->run()
</ERROR_BLOCK>

<ERROR_BLOCK>
errorInfo: Undefined variable: tiem
errorFile: IWEB_PATH/runtime/views/sysdefault/points/point_list.php
errorLine: 123
errorCode: 8
errorTime: 2018-06-19 10:40:27
#0 IWEB_PATH/lib/web/controller/controllerbase_class.php(116): require(IWEB_PATH/runtime/views/sysdefault/points/point_list.php)
#1 IWEB_PATH/lib/web/controller/controllerbase_class.php(82): IControllerBase->requireFile(IWEB_PATH/runtime/views/sysdefault/points/point_list.php)
#2 IWEB_PATH/lib/web/controller/controller_class.php(226): IControllerBase->renderView(IWEB_PATH/views/sysdefault/points/point_list,)
#3 IWEB_PATH/lib/web/action/view_action.php(35): IController->render(IWEB_PATH/views/sysdefault/points/point_list,)
#4 IWEB_PATH/lib/web/controller/controller_class.php(433): IViewAction->run()
#5 IWEB_PATH/controllers/points.php(91): IController->redirect(point_list)
#6 : Points->point_list()
#7 IWEB_PATH/lib/web/action/inline_action.php(24): call_user_func()
#8 IWEB_PATH/lib/web/controller/controller_class.php(174): IInlineAction->run()
#9 IWEB_PATH/lib/core/webapplication_class.php(75): IController->run(point_list)
#10 IWEB_PATH/lib/core/application_class.php(94): IWebApplication->execRequest()
#11 IWEB_PATH/index.php(5): IApplication->run()
</ERROR_BLOCK>

<ERROR_BLOCK>
errorInfo: Undefined variable: tiem
errorFile: IWEB_PATH/runtime/views/sysdefault/points/point_list.php
errorLine: 123
errorCode: 8
errorTime: 2018-06-19 10:41:00
#0 IWEB_PATH/lib/web/controller/controllerbase_class.php(116): require(IWEB_PATH/runtime/views/sysdefault/points/point_list.php)
#1 IWEB_PATH/lib/web/controller/controllerbase_class.php(82): IControllerBase->requireFile(IWEB_PATH/runtime/views/sysdefault/points/point_list.php)
#2 IWEB_PATH/lib/web/controller/controller_class.php(226): IControllerBase->renderView(IWEB_PATH/views/sysdefault/points/point_list,)
#3 IWEB_PATH/lib/web/action/view_action.php(35): IController->render(IWEB_PATH/views/sysdefault/points/point_list,)
#4 IWEB_PATH/lib/web/controller/controller_class.php(433): IViewAction->run()
#5 IWEB_PATH/controllers/points.php(91): IController->redirect(point_list)
#6 : Points->point_list()
#7 IWEB_PATH/lib/web/action/inline_action.php(24): call_user_func()
#8 IWEB_PATH/lib/web/controller/controller_class.php(174): IInlineAction->run()
#9 IWEB_PATH/lib/core/webapplication_class.php(75): IController->run(point_list)
#10 IWEB_PATH/lib/core/application_class.php(94): IWebApplication->execRequest()
#11 IWEB_PATH/index.php(5): IApplication->run()
</ERROR_BLOCK>

<ERROR_BLOCK>
errorInfo: Undefined variable: tiem
errorFile: IWEB_PATH/runtime/views/sysdefault/points/point_list.php
errorLine: 123
errorCode: 8
errorTime: 2018-06-19 10:45:32
#0 IWEB_PATH/lib/web/controller/controllerbase_class.php(116): require(IWEB_PATH/runtime/views/sysdefault/points/point_list.php)
#1 IWEB_PATH/lib/web/controller/controllerbase_class.php(82): IControllerBase->requireFile(IWEB_PATH/runtime/views/sysdefault/points/point_list.php)
#2 IWEB_PATH/lib/web/controller/controller_class.php(226): IControllerBase->renderView(IWEB_PATH/views/sysdefault/points/point_list,)
#3 IWEB_PATH/lib/web/action/view_action.php(35): IController->render(IWEB_PATH/views/sysdefault/points/point_list,)
#4 IWEB_PATH/lib/web/controller/controller_class.php(433): IViewAction->run()
#5 IWEB_PATH/controllers/points.php(91): IController->redirect(point_list)
#6 : Points->point_list()
#7 IWEB_PATH/lib/web/action/inline_action.php(24): call_user_func()
#8 IWEB_PATH/lib/web/controller/controller_class.php(174): IInlineAction->run()
#9 IWEB_PATH/lib/core/webapplication_class.php(75): IController->run(point_list)
#10 IWEB_PATH/lib/core/application_class.php(94): IWebApplication->execRequest()
#11 IWEB_PATH/index.php(5): IApplication->run()
</ERROR_BLOCK>

<ERROR_BLOCK>
errorInfo: Undefined variable: tiem
errorFile: IWEB_PATH/runtime/views/sysdefault/points/point_list.php
errorLine: 123
errorCode: 8
errorTime: 2018-06-19 10:45:37
#0 IWEB_PATH/lib/web/controller/controllerbase_class.php(116): require(IWEB_PATH/runtime/views/sysdefault/points/point_list.php)
#1 IWEB_PATH/lib/web/controller/controllerbase_class.php(82): IControllerBase->requireFile(IWEB_PATH/runtime/views/sysdefault/points/point_list.php)
#2 IWEB_PATH/lib/web/controller/controller_class.php(226): IControllerBase->renderView(IWEB_PATH/views/sysdefault/points/point_list,)
#3 IWEB_PATH/lib/web/action/view_action.php(35): IController->render(IWEB_PATH/views/sysdefault/points/point_list,)
#4 IWEB_PATH/lib/web/controller/controller_class.php(433): IViewAction->run()
#5 IWEB_PATH/controllers/points.php(91): IController->redirect(point_list)
#6 : Points->point_list()
#7 IWEB_PATH/lib/web/action/inline_action.php(24): call_user_func()
#8 IWEB_PATH/lib/web/controller/controller_class.php(174): IInlineAction->run()
#9 IWEB_PATH/lib/core/webapplication_class.php(75): IController->run(point_list)
#10 IWEB_PATH/lib/core/application_class.php(94): IWebApplication->execRequest()
#11 IWEB_PATH/index.php(5): IApplication->run()
</ERROR_BLOCK>

<ERROR_BLOCK>
errorInfo: Undefined variable: tiem
errorFile: IWEB_PATH/runtime/views/sysdefault/points/point_list.php
errorLine: 123
errorCode: 8
errorTime: 2018-06-19 10:45:45
#0 IWEB_PATH/lib/web/controller/controllerbase_class.php(116): require(IWEB_PATH/runtime/views/sysdefault/points/point_list.php)
#1 IWEB_PATH/lib/web/controller/controllerbase_class.php(82): IControllerBase->requireFile(IWEB_PATH/runtime/views/sysdefault/points/point_list.php)
#2 IWEB_PATH/lib/web/controller/controller_class.php(226): IControllerBase->renderView(IWEB_PATH/views/sysdefault/points/point_list,)
#3 IWEB_PATH/lib/web/action/view_action.php(35): IController->render(IWEB_PATH/views/sysdefault/points/point_list,)
#4 IWEB_PATH/lib/web/controller/controller_class.php(433): IViewAction->run()
#5 IWEB_PATH/controllers/points.php(91): IController->redirect(point_list)
#6 : Points->point_list()
#7 IWEB_PATH/lib/web/action/inline_action.php(24): call_user_func()
#8 IWEB_PATH/lib/web/controller/controller_class.php(174): IInlineAction->run()
#9 IWEB_PATH/lib/core/webapplication_class.php(75): IController->run(point_list)
#10 IWEB_PATH/lib/core/application_class.php(94): IWebApplication->execRequest()
#11 IWEB_PATH/index.php(5): IApplication->run()
</ERROR_BLOCK>

<ERROR_BLOCK>
errorInfo: Undefined variable: tiem
errorFile: IWEB_PATH/runtime/views/sysdefault/points/point_list.php
errorLine: 123
errorCode: 8
errorTime: 2018-06-19 10:46:52
#0 IWEB_PATH/lib/web/controller/controllerbase_class.php(116): require(IWEB_PATH/runtime/views/sysdefault/points/point_list.php)
#1 IWEB_PATH/lib/web/controller/controllerbase_class.php(82): IControllerBase->requireFile(IWEB_PATH/runtime/views/sysdefault/points/point_list.php)
#2 IWEB_PATH/lib/web/controller/controller_class.php(226): IControllerBase->renderView(IWEB_PATH/views/sysdefault/points/point_list,)
#3 IWEB_PATH/lib/web/action/view_action.php(35): IController->render(IWEB_PATH/views/sysdefault/points/point_list,)
#4 IWEB_PATH/lib/web/controller/controller_class.php(433): IViewAction->run()
#5 IWEB_PATH/controllers/points.php(91): IController->redirect(point_list)
#6 : Points->point_list()
#7 IWEB_PATH/lib/web/action/inline_action.php(24): call_user_func()
#8 IWEB_PATH/lib/web/controller/controller_class.php(174): IInlineAction->run()
#9 IWEB_PATH/lib/core/webapplication_class.php(75): IController->run(point_list)
#10 IWEB_PATH/lib/core/application_class.php(94): IWebApplication->execRequest()
#11 IWEB_PATH/index.php(5): IApplication->run()
</ERROR_BLOCK>

<ERROR_BLOCK>
errorInfo: Undefined variable: tiem
errorFile: IWEB_PATH/runtime/views/sysdefault/points/point_list.php
errorLine: 123
errorCode: 8
errorTime: 2018-06-19 10:48:24
#0 IWEB_PATH/lib/web/controller/controllerbase_class.php(116): require(IWEB_PATH/runtime/views/sysdefault/points/point_list.php)
#1 IWEB_PATH/lib/web/controller/controllerbase_class.php(82): IControllerBase->requireFile(IWEB_PATH/runtime/views/sysdefault/points/point_list.php)
#2 IWEB_PATH/lib/web/controller/controller_class.php(226): IControllerBase->renderView(IWEB_PATH/views/sysdefault/points/point_list,)
#3 IWEB_PATH/lib/web/action/view_action.php(35): IController->render(IWEB_PATH/views/sysdefault/points/point_list,)
#4 IWEB_PATH/lib/web/controller/controller_class.php(433): IViewAction->run()
#5 IWEB_PATH/controllers/points.php(91): IController->redirect(point_list)
#6 : Points->point_list()
#7 IWEB_PATH/lib/web/action/inline_action.php(24): call_user_func()
#8 IWEB_PATH/lib/web/controller/controller_class.php(174): IInlineAction->run()
#9 IWEB_PATH/lib/core/webapplication_class.php(75): IController->run(point_list)
#10 IWEB_PATH/lib/core/application_class.php(94): IWebApplication->execRequest()
#11 IWEB_PATH/index.php(5): IApplication->run()
</ERROR_BLOCK>

<ERROR_BLOCK>
errorInfo: Undefined variable: tiem
errorFile: IWEB_PATH/runtime/views/sysdefault/points/point_list.php
errorLine: 123
errorCode: 8
errorTime: 2018-06-19 10:48:30
#0 IWEB_PATH/lib/web/controller/controllerbase_class.php(116): require(IWEB_PATH/runtime/views/sysdefault/points/point_list.php)
#1 IWEB_PATH/lib/web/controller/controllerbase_class.php(82): IControllerBase->requireFile(IWEB_PATH/runtime/views/sysdefault/points/point_list.php)
#2 IWEB_PATH/lib/web/controller/controller_class.php(226): IControllerBase->renderView(IWEB_PATH/views/sysdefault/points/point_list,)
#3 IWEB_PATH/lib/web/action/view_action.php(35): IController->render(IWEB_PATH/views/sysdefault/points/point_list,)
#4 IWEB_PATH/lib/web/controller/controller_class.php(433): IViewAction->run()
#5 IWEB_PATH/controllers/points.php(91): IController->redirect(point_list)
#6 : Points->point_list()
#7 IWEB_PATH/lib/web/action/inline_action.php(24): call_user_func()
#8 IWEB_PATH/lib/web/controller/controller_class.php(174): IInlineAction->run()
#9 IWEB_PATH/lib/core/webapplication_class.php(75): IController->run(point_list)
#10 IWEB_PATH/lib/core/application_class.php(94): IWebApplication->execRequest()
#11 IWEB_PATH/index.php(5): IApplication->run()
</ERROR_BLOCK>

<ERROR_BLOCK>
errorInfo: Undefined variable: tiem
errorFile: IWEB_PATH/runtime/views/sysdefault/points/point_list.php
errorLine: 123
errorCode: 8
errorTime: 2018-06-19 10:48:42
#0 IWEB_PATH/lib/web/controller/controllerbase_class.php(116): require(IWEB_PATH/runtime/views/sysdefault/points/point_list.php)
#1 IWEB_PATH/lib/web/controller/controllerbase_class.php(82): IControllerBase->requireFile(IWEB_PATH/runtime/views/sysdefault/points/point_list.php)
#2 IWEB_PATH/lib/web/controller/controller_class.php(226): IControllerBase->renderView(IWEB_PATH/views/sysdefault/points/point_list,)
#3 IWEB_PATH/lib/web/action/view_action.php(35): IController->render(IWEB_PATH/views/sysdefault/points/point_list,)
#4 IWEB_PATH/lib/web/controller/controller_class.php(433): IViewAction->run()
#5 IWEB_PATH/controllers/points.php(91): IController->redirect(point_list)
#6 : Points->point_list()
#7 IWEB_PATH/lib/web/action/inline_action.php(24): call_user_func()
#8 IWEB_PATH/lib/web/controller/controller_class.php(174): IInlineAction->run()
#9 IWEB_PATH/lib/core/webapplication_class.php(75): IController->run(point_list)
#10 IWEB_PATH/lib/core/application_class.php(94): IWebApplication->execRequest()
#11 IWEB_PATH/index.php(5): IApplication->run()
</ERROR_BLOCK>

<ERROR_BLOCK>
errorInfo: Undefined variable: tiem
errorFile: IWEB_PATH/runtime/views/sysdefault/points/point_list.php
errorLine: 123
errorCode: 8
errorTime: 2018-06-19 10:48:42
#0 IWEB_PATH/lib/web/controller/controllerbase_class.php(116): require(IWEB_PATH/runtime/views/sysdefault/points/point_list.php)
#1 IWEB_PATH/lib/web/controller/controllerbase_class.php(82): IControllerBase->requireFile(IWEB_PATH/runtime/views/sysdefault/points/point_list.php)
#2 IWEB_PATH/lib/web/controller/controller_class.php(226): IControllerBase->renderView(IWEB_PATH/views/sysdefault/points/point_list,)
#3 IWEB_PATH/lib/web/action/view_action.php(35): IController->render(IWEB_PATH/views/sysdefault/points/point_list,)
#4 IWEB_PATH/lib/web/controller/controller_class.php(433): IViewAction->run()
#5 IWEB_PATH/controllers/points.php(91): IController->redirect(point_list)
#6 : Points->point_list()
#7 IWEB_PATH/lib/web/action/inline_action.php(24): call_user_func()
#8 IWEB_PATH/lib/web/controller/controller_class.php(174): IInlineAction->run()
#9 IWEB_PATH/lib/core/webapplication_class.php(75): IController->run(point_list)
#10 IWEB_PATH/lib/core/application_class.php(94): IWebApplication->execRequest()
#11 IWEB_PATH/index.php(5): IApplication->run()
</ERROR_BLOCK>

<ERROR_BLOCK>
errorInfo: Undefined variable: tiem
errorFile: IWEB_PATH/runtime/views/sysdefault/points/point_list.php
errorLine: 123
errorCode: 8
errorTime: 2018-06-19 10:48:45
#0 IWEB_PATH/lib/web/controller/controllerbase_class.php(116): require(IWEB_PATH/runtime/views/sysdefault/points/point_list.php)
#1 IWEB_PATH/lib/web/controller/controllerbase_class.php(82): IControllerBase->requireFile(IWEB_PATH/runtime/views/sysdefault/points/point_list.php)
#2 IWEB_PATH/lib/web/controller/controller_class.php(226): IControllerBase->renderView(IWEB_PATH/views/sysdefault/points/point_list,)
#3 IWEB_PATH/lib/web/action/view_action.php(35): IController->render(IWEB_PATH/views/sysdefault/points/point_list,)
#4 IWEB_PATH/lib/web/controller/controller_class.php(433): IViewAction->run()
#5 IWEB_PATH/controllers/points.php(91): IController->redirect(point_list)
#6 : Points->point_list()
#7 IWEB_PATH/lib/web/action/inline_action.php(24): call_user_func()
#8 IWEB_PATH/lib/web/controller/controller_class.php(174): IInlineAction->run()
#9 IWEB_PATH/lib/core/webapplication_class.php(75): IController->run(point_list)
#10 IWEB_PATH/lib/core/application_class.php(94): IWebApplication->execRequest()
#11 IWEB_PATH/index.php(5): IApplication->run()
</ERROR_BLOCK>

<ERROR_BLOCK>
errorInfo: Undefined variable: tiem
errorFile: IWEB_PATH/runtime/views/sysdefault/points/point_list.php
errorLine: 123
errorCode: 8
errorTime: 2018-06-19 10:48:49
#0 IWEB_PATH/lib/web/controller/controllerbase_class.php(116): require(IWEB_PATH/runtime/views/sysdefault/points/point_list.php)
#1 IWEB_PATH/lib/web/controller/controllerbase_class.php(82): IControllerBase->requireFile(IWEB_PATH/runtime/views/sysdefault/points/point_list.php)
#2 IWEB_PATH/lib/web/controller/controller_class.php(226): IControllerBase->renderView(IWEB_PATH/views/sysdefault/points/point_list,)
#3 IWEB_PATH/lib/web/action/view_action.php(35): IController->render(IWEB_PATH/views/sysdefault/points/point_list,)
#4 IWEB_PATH/lib/web/controller/controller_class.php(433): IViewAction->run()
#5 IWEB_PATH/controllers/points.php(91): IController->redirect(point_list)
#6 : Points->point_list()
#7 IWEB_PATH/lib/web/action/inline_action.php(24): call_user_func()
#8 IWEB_PATH/lib/web/controller/controller_class.php(174): IInlineAction->run()
#9 IWEB_PATH/lib/core/webapplication_class.php(75): IController->run(point_list)
#10 IWEB_PATH/lib/core/application_class.php(94): IWebApplication->execRequest()
#11 IWEB_PATH/index.php(5): IApplication->run()
</ERROR_BLOCK>

<ERROR_BLOCK>
errorInfo: Undefined variable: tiem
errorFile: IWEB_PATH/runtime/views/sysdefault/points/point_list.php
errorLine: 123
errorCode: 8
errorTime: 2018-06-19 10:51:20
#0 IWEB_PATH/lib/web/controller/controllerbase_class.php(116): require(IWEB_PATH/runtime/views/sysdefault/points/point_list.php)
#1 IWEB_PATH/lib/web/controller/controllerbase_class.php(82): IControllerBase->requireFile(IWEB_PATH/runtime/views/sysdefault/points/point_list.php)
#2 IWEB_PATH/lib/web/controller/controller_class.php(226): IControllerBase->renderView(IWEB_PATH/views/sysdefault/points/point_list,)
#3 IWEB_PATH/lib/web/action/view_action.php(35): IController->render(IWEB_PATH/views/sysdefault/points/point_list,)
#4 IWEB_PATH/lib/web/controller/controller_class.php(433): IViewAction->run()
#5 IWEB_PATH/controllers/points.php(91): IController->redirect(point_list)
#6 : Points->point_list()
#7 IWEB_PATH/lib/web/action/inline_action.php(24): call_user_func()
#8 IWEB_PATH/lib/web/controller/controller_class.php(174): IInlineAction->run()
#9 IWEB_PATH/lib/core/webapplication_class.php(75): IController->run(point_list)
#10 IWEB_PATH/lib/core/application_class.php(94): IWebApplication->execRequest()
#11 IWEB_PATH/index.php(5): IApplication->run()
</ERROR_BLOCK>

<ERROR_BLOCK>
errorInfo: Undefined variable: tiem
errorFile: IWEB_PATH/runtime/views/sysdefault/points/point_list.php
errorLine: 123
errorCode: 8
errorTime: 2018-06-19 10:51:20
#0 IWEB_PATH/lib/web/controller/controllerbase_class.php(116): require(IWEB_PATH/runtime/views/sysdefault/points/point_list.php)
#1 IWEB_PATH/lib/web/controller/controllerbase_class.php(82): IControllerBase->requireFile(IWEB_PATH/runtime/views/sysdefault/points/point_list.php)
#2 IWEB_PATH/lib/web/controller/controller_class.php(226): IControllerBase->renderView(IWEB_PATH/views/sysdefault/points/point_list,)
#3 IWEB_PATH/lib/web/action/view_action.php(35): IController->render(IWEB_PATH/views/sysdefault/points/point_list,)
#4 IWEB_PATH/lib/web/controller/controller_class.php(433): IViewAction->run()
#5 IWEB_PATH/controllers/points.php(91): IController->redirect(point_list)
#6 : Points->point_list()
#7 IWEB_PATH/lib/web/action/inline_action.php(24): call_user_func()
#8 IWEB_PATH/lib/web/controller/controller_class.php(174): IInlineAction->run()
#9 IWEB_PATH/lib/core/webapplication_class.php(75): IController->run(point_list)
#10 IWEB_PATH/lib/core/application_class.php(94): IWebApplication->execRequest()
#11 IWEB_PATH/index.php(5): IApplication->run()
>>>>>>> nzf
</ERROR_BLOCK>

<ERROR_BLOCK>
errorInfo: Undefined variable: tiem
errorFile: IWEB_PATH/runtime/views/sysdefault/points/point_list.php
errorLine: 123
errorCode: 8
<<<<<<< HEAD
errorTime: 2018-06-19 09:41:30
=======
errorTime: 2018-06-19 10:51:22
>>>>>>> nzf
#0 IWEB_PATH/lib/web/controller/controllerbase_class.php(116): require(IWEB_PATH/runtime/views/sysdefault/points/point_list.php)
#1 IWEB_PATH/lib/web/controller/controllerbase_class.php(82): IControllerBase->requireFile(IWEB_PATH/runtime/views/sysdefault/points/point_list.php)
#2 IWEB_PATH/lib/web/controller/controller_class.php(226): IControllerBase->renderView(IWEB_PATH/views/sysdefault/points/point_list,)
#3 IWEB_PATH/lib/web/action/view_action.php(35): IController->render(IWEB_PATH/views/sysdefault/points/point_list,)
#4 IWEB_PATH/lib/web/controller/controller_class.php(433): IViewAction->run()
#5 IWEB_PATH/controllers/points.php(91): IController->redirect(point_list)
#6 : Points->point_list()
#7 IWEB_PATH/lib/web/action/inline_action.php(24): call_user_func()
#8 IWEB_PATH/lib/web/controller/controller_class.php(174): IInlineAction->run()
#9 IWEB_PATH/lib/core/webapplication_class.php(75): IController->run(point_list)
#10 IWEB_PATH/lib/core/application_class.php(94): IWebApplication->execRequest()
#11 IWEB_PATH/index.php(5): IApplication->run()
</ERROR_BLOCK>

<ERROR_BLOCK>
errorInfo: Undefined variable: tiem
errorFile: IWEB_PATH/runtime/views/sysdefault/points/point_list.php
errorLine: 123
errorCode: 8
<<<<<<< HEAD
errorTime: 2018-06-19 09:41:30
=======
errorTime: 2018-06-19 10:51:22
>>>>>>> nzf
#0 IWEB_PATH/lib/web/controller/controllerbase_class.php(116): require(IWEB_PATH/runtime/views/sysdefault/points/point_list.php)
#1 IWEB_PATH/lib/web/controller/controllerbase_class.php(82): IControllerBase->requireFile(IWEB_PATH/runtime/views/sysdefault/points/point_list.php)
#2 IWEB_PATH/lib/web/controller/controller_class.php(226): IControllerBase->renderView(IWEB_PATH/views/sysdefault/points/point_list,)
#3 IWEB_PATH/lib/web/action/view_action.php(35): IController->render(IWEB_PATH/views/sysdefault/points/point_list,)
#4 IWEB_PATH/lib/web/controller/controller_class.php(433): IViewAction->run()
#5 IWEB_PATH/controllers/points.php(91): IController->redirect(point_list)
#6 : Points->point_list()
#7 IWEB_PATH/lib/web/action/inline_action.php(24): call_user_func()
#8 IWEB_PATH/lib/web/controller/controller_class.php(174): IInlineAction->run()
#9 IWEB_PATH/lib/core/webapplication_class.php(75): IController->run(point_list)
#10 IWEB_PATH/lib/core/application_class.php(94): IWebApplication->execRequest()
#11 IWEB_PATH/index.php(5): IApplication->run()
</ERROR_BLOCK>

<ERROR_BLOCK>
errorInfo: Undefined variable: tiem
errorFile: IWEB_PATH/runtime/views/sysdefault/points/point_list.php
errorLine: 123
errorCode: 8
<<<<<<< HEAD
errorTime: 2018-06-19 09:41:50
=======
errorTime: 2018-06-19 10:52:42
>>>>>>> nzf
#0 IWEB_PATH/lib/web/controller/controllerbase_class.php(116): require(IWEB_PATH/runtime/views/sysdefault/points/point_list.php)
#1 IWEB_PATH/lib/web/controller/controllerbase_class.php(82): IControllerBase->requireFile(IWEB_PATH/runtime/views/sysdefault/points/point_list.php)
#2 IWEB_PATH/lib/web/controller/controller_class.php(226): IControllerBase->renderView(IWEB_PATH/views/sysdefault/points/point_list,)
#3 IWEB_PATH/lib/web/action/view_action.php(35): IController->render(IWEB_PATH/views/sysdefault/points/point_list,)
#4 IWEB_PATH/lib/web/controller/controller_class.php(433): IViewAction->run()
#5 IWEB_PATH/controllers/points.php(91): IController->redirect(point_list)
#6 : Points->point_list()
#7 IWEB_PATH/lib/web/action/inline_action.php(24): call_user_func()
#8 IWEB_PATH/lib/web/controller/controller_class.php(174): IInlineAction->run()
#9 IWEB_PATH/lib/core/webapplication_class.php(75): IController->run(point_list)
#10 IWEB_PATH/lib/core/application_class.php(94): IWebApplication->execRequest()
#11 IWEB_PATH/index.php(5): IApplication->run()
</ERROR_BLOCK>

<ERROR_BLOCK>
errorInfo: Undefined variable: tiem
errorFile: IWEB_PATH/runtime/views/sysdefault/points/point_list.php
errorLine: 123
errorCode: 8
<<<<<<< HEAD
errorTime: 2018-06-19 09:41:50
=======
errorTime: 2018-06-19 10:52:42
>>>>>>> nzf
#0 IWEB_PATH/lib/web/controller/controllerbase_class.php(116): require(IWEB_PATH/runtime/views/sysdefault/points/point_list.php)
#1 IWEB_PATH/lib/web/controller/controllerbase_class.php(82): IControllerBase->requireFile(IWEB_PATH/runtime/views/sysdefault/points/point_list.php)
#2 IWEB_PATH/lib/web/controller/controller_class.php(226): IControllerBase->renderView(IWEB_PATH/views/sysdefault/points/point_list,)
#3 IWEB_PATH/lib/web/action/view_action.php(35): IController->render(IWEB_PATH/views/sysdefault/points/point_list,)
#4 IWEB_PATH/lib/web/controller/controller_class.php(433): IViewAction->run()
#5 IWEB_PATH/controllers/points.php(91): IController->redirect(point_list)
#6 : Points->point_list()
#7 IWEB_PATH/lib/web/action/inline_action.php(24): call_user_func()
#8 IWEB_PATH/lib/web/controller/controller_class.php(174): IInlineAction->run()
#9 IWEB_PATH/lib/core/webapplication_class.php(75): IController->run(point_list)
#10 IWEB_PATH/lib/core/application_class.php(94): IWebApplication->execRequest()
#11 IWEB_PATH/index.php(5): IApplication->run()
</ERROR_BLOCK>

<ERROR_BLOCK>
<<<<<<< HEAD
errorInfo: Undefined index: discount
errorFile: IWEB_PATH/classes/countsum.php
errorLine: 47
errorCode: 8
errorTime: 2018-06-19 09:54:19
#0 IWEB_PATH/controllers/site.php(425): CountSum->__construct()
#1 : Site->products()
#2 IWEB_PATH/lib/web/action/inline_action.php(24): call_user_func()
#3 IWEB_PATH/lib/web/controller/controller_class.php(174): IInlineAction->run()
#4 IWEB_PATH/lib/core/webapplication_class.php(75): IController->run(products)
#5 IWEB_PATH/lib/core/application_class.php(94): IWebApplication->execRequest()
#6 IWEB_PATH/index.php(5): IApplication->run()
</ERROR_BLOCK>

<ERROR_BLOCK>
errorInfo: Undefined index: discount
errorFile: IWEB_PATH/classes/countsum.php
errorLine: 47
errorCode: 8
errorTime: 2018-06-19 09:54:25
#0 IWEB_PATH/controllers/simple.php(291): CountSum->__construct(1)
#1 : Simple->cart2()
#2 IWEB_PATH/lib/web/action/inline_action.php(24): call_user_func()
#3 IWEB_PATH/lib/web/controller/controller_class.php(174): IInlineAction->run()
#4 IWEB_PATH/lib/core/webapplication_class.php(75): IController->run(cart2)
#5 IWEB_PATH/lib/core/application_class.php(94): IWebApplication->execRequest()
#6 IWEB_PATH/index.php(5): IApplication->run()
</ERROR_BLOCK>

<ERROR_BLOCK>
errorInfo: Undefined index: discount
errorFile: IWEB_PATH/classes/countsum.php
errorLine: 47
errorCode: 8
errorTime: 2018-06-19 09:56:28
#0 IWEB_PATH/controllers/site.php(425): CountSum->__construct()
#1 : Site->products()
#2 IWEB_PATH/lib/web/action/inline_action.php(24): call_user_func()
#3 IWEB_PATH/lib/web/controller/controller_class.php(174): IInlineAction->run()
#4 IWEB_PATH/lib/core/webapplication_class.php(75): IController->run(products)
#5 IWEB_PATH/lib/core/application_class.php(94): IWebApplication->execRequest()
#6 IWEB_PATH/index.php(5): IApplication->run()
=======
errorInfo: Undefined variable: tiem
errorFile: IWEB_PATH/runtime/views/sysdefault/points/point_list.php
errorLine: 123
errorCode: 8
errorTime: 2018-06-19 10:53:08
#0 IWEB_PATH/lib/web/controller/controllerbase_class.php(116): require(IWEB_PATH/runtime/views/sysdefault/points/point_list.php)
#1 IWEB_PATH/lib/web/controller/controllerbase_class.php(82): IControllerBase->requireFile(IWEB_PATH/runtime/views/sysdefault/points/point_list.php)
#2 IWEB_PATH/lib/web/controller/controller_class.php(226): IControllerBase->renderView(IWEB_PATH/views/sysdefault/points/point_list,)
#3 IWEB_PATH/lib/web/action/view_action.php(35): IController->render(IWEB_PATH/views/sysdefault/points/point_list,)
#4 IWEB_PATH/lib/web/controller/controller_class.php(433): IViewAction->run()
#5 IWEB_PATH/controllers/points.php(91): IController->redirect(point_list)
#6 : Points->point_list()
#7 IWEB_PATH/lib/web/action/inline_action.php(24): call_user_func()
#8 IWEB_PATH/lib/web/controller/controller_class.php(174): IInlineAction->run()
#9 IWEB_PATH/lib/core/webapplication_class.php(75): IController->run(point_list)
#10 IWEB_PATH/lib/core/application_class.php(94): IWebApplication->execRequest()
#11 IWEB_PATH/index.php(5): IApplication->run()
</ERROR_BLOCK>

<ERROR_BLOCK>
errorInfo: Undefined variable: tiem
errorFile: IWEB_PATH/runtime/views/sysdefault/points/point_list.php
errorLine: 123
errorCode: 8
errorTime: 2018-06-19 10:53:08
#0 IWEB_PATH/lib/web/controller/controllerbase_class.php(116): require(IWEB_PATH/runtime/views/sysdefault/points/point_list.php)
#1 IWEB_PATH/lib/web/controller/controllerbase_class.php(82): IControllerBase->requireFile(IWEB_PATH/runtime/views/sysdefault/points/point_list.php)
#2 IWEB_PATH/lib/web/controller/controller_class.php(226): IControllerBase->renderView(IWEB_PATH/views/sysdefault/points/point_list,)
#3 IWEB_PATH/lib/web/action/view_action.php(35): IController->render(IWEB_PATH/views/sysdefault/points/point_list,)
#4 IWEB_PATH/lib/web/controller/controller_class.php(433): IViewAction->run()
#5 IWEB_PATH/controllers/points.php(91): IController->redirect(point_list)
#6 : Points->point_list()
#7 IWEB_PATH/lib/web/action/inline_action.php(24): call_user_func()
#8 IWEB_PATH/lib/web/controller/controller_class.php(174): IInlineAction->run()
#9 IWEB_PATH/lib/core/webapplication_class.php(75): IController->run(point_list)
#10 IWEB_PATH/lib/core/application_class.php(94): IWebApplication->execRequest()
#11 IWEB_PATH/index.php(5): IApplication->run()
</ERROR_BLOCK>

<ERROR_BLOCK>
errorInfo: Undefined variable: tiem
errorFile: IWEB_PATH/runtime/views/sysdefault/points/point_list.php
errorLine: 123
errorCode: 8
errorTime: 2018-06-19 10:53:25
#0 IWEB_PATH/lib/web/controller/controllerbase_class.php(116): require(IWEB_PATH/runtime/views/sysdefault/points/point_list.php)
#1 IWEB_PATH/lib/web/controller/controllerbase_class.php(82): IControllerBase->requireFile(IWEB_PATH/runtime/views/sysdefault/points/point_list.php)
#2 IWEB_PATH/lib/web/controller/controller_class.php(226): IControllerBase->renderView(IWEB_PATH/views/sysdefault/points/point_list,)
#3 IWEB_PATH/lib/web/action/view_action.php(35): IController->render(IWEB_PATH/views/sysdefault/points/point_list,)
#4 IWEB_PATH/lib/web/controller/controller_class.php(433): IViewAction->run()
#5 IWEB_PATH/controllers/points.php(91): IController->redirect(point_list)
#6 : Points->point_list()
#7 IWEB_PATH/lib/web/action/inline_action.php(24): call_user_func()
#8 IWEB_PATH/lib/web/controller/controller_class.php(174): IInlineAction->run()
#9 IWEB_PATH/lib/core/webapplication_class.php(75): IController->run(point_list)
#10 IWEB_PATH/lib/core/application_class.php(94): IWebApplication->execRequest()
#11 IWEB_PATH/index.php(5): IApplication->run()
>>>>>>> nzf
</ERROR_BLOCK>

<ERROR_BLOCK>
errorInfo: Undefined variable: tiem
errorFile: IWEB_PATH/runtime/views/sysdefault/points/point_list.php
errorLine: 123
errorCode: 8
<<<<<<< HEAD
errorTime: 2018-06-19 13:43:00
=======
errorTime: 2018-06-19 10:53:25
>>>>>>> nzf
#0 IWEB_PATH/lib/web/controller/controllerbase_class.php(116): require(IWEB_PATH/runtime/views/sysdefault/points/point_list.php)
#1 IWEB_PATH/lib/web/controller/controllerbase_class.php(82): IControllerBase->requireFile(IWEB_PATH/runtime/views/sysdefault/points/point_list.php)
#2 IWEB_PATH/lib/web/controller/controller_class.php(226): IControllerBase->renderView(IWEB_PATH/views/sysdefault/points/point_list,)
#3 IWEB_PATH/lib/web/action/view_action.php(35): IController->render(IWEB_PATH/views/sysdefault/points/point_list,)
#4 IWEB_PATH/lib/web/controller/controller_class.php(433): IViewAction->run()
#5 IWEB_PATH/controllers/points.php(91): IController->redirect(point_list)
#6 : Points->point_list()
#7 IWEB_PATH/lib/web/action/inline_action.php(24): call_user_func()
#8 IWEB_PATH/lib/web/controller/controller_class.php(174): IInlineAction->run()
#9 IWEB_PATH/lib/core/webapplication_class.php(75): IController->run(point_list)
#10 IWEB_PATH/lib/core/application_class.php(94): IWebApplication->execRequest()
#11 IWEB_PATH/index.php(5): IApplication->run()
</ERROR_BLOCK>

<ERROR_BLOCK>
errorInfo: Undefined variable: tiem
errorFile: IWEB_PATH/runtime/views/sysdefault/points/point_list.php
errorLine: 123
errorCode: 8
<<<<<<< HEAD
errorTime: 2018-06-19 13:43:00
=======
errorTime: 2018-06-19 10:53:25
>>>>>>> nzf
#0 IWEB_PATH/lib/web/controller/controllerbase_class.php(116): require(IWEB_PATH/runtime/views/sysdefault/points/point_list.php)
#1 IWEB_PATH/lib/web/controller/controllerbase_class.php(82): IControllerBase->requireFile(IWEB_PATH/runtime/views/sysdefault/points/point_list.php)
#2 IWEB_PATH/lib/web/controller/controller_class.php(226): IControllerBase->renderView(IWEB_PATH/views/sysdefault/points/point_list,)
#3 IWEB_PATH/lib/web/action/view_action.php(35): IController->render(IWEB_PATH/views/sysdefault/points/point_list,)
#4 IWEB_PATH/lib/web/controller/controller_class.php(433): IViewAction->run()
#5 IWEB_PATH/controllers/points.php(91): IController->redirect(point_list)
#6 : Points->point_list()
#7 IWEB_PATH/lib/web/action/inline_action.php(24): call_user_func()
#8 IWEB_PATH/lib/web/controller/controller_class.php(174): IInlineAction->run()
#9 IWEB_PATH/lib/core/webapplication_class.php(75): IController->run(point_list)
#10 IWEB_PATH/lib/core/application_class.php(94): IWebApplication->execRequest()
#11 IWEB_PATH/index.php(5): IApplication->run()
</ERROR_BLOCK>

<ERROR_BLOCK>
errorInfo: Undefined variable: tiem
errorFile: IWEB_PATH/runtime/views/sysdefault/points/point_list.php
errorLine: 123
errorCode: 8
<<<<<<< HEAD
errorTime: 2018-06-19 13:43:05
=======
errorTime: 2018-06-19 10:53:48
>>>>>>> nzf
#0 IWEB_PATH/lib/web/controller/controllerbase_class.php(116): require(IWEB_PATH/runtime/views/sysdefault/points/point_list.php)
#1 IWEB_PATH/lib/web/controller/controllerbase_class.php(82): IControllerBase->requireFile(IWEB_PATH/runtime/views/sysdefault/points/point_list.php)
#2 IWEB_PATH/lib/web/controller/controller_class.php(226): IControllerBase->renderView(IWEB_PATH/views/sysdefault/points/point_list,)
#3 IWEB_PATH/lib/web/action/view_action.php(35): IController->render(IWEB_PATH/views/sysdefault/points/point_list,)
#4 IWEB_PATH/lib/web/controller/controller_class.php(433): IViewAction->run()
#5 IWEB_PATH/controllers/points.php(91): IController->redirect(point_list)
#6 : Points->point_list()
#7 IWEB_PATH/lib/web/action/inline_action.php(24): call_user_func()
#8 IWEB_PATH/lib/web/controller/controller_class.php(174): IInlineAction->run()
#9 IWEB_PATH/lib/core/webapplication_class.php(75): IController->run(point_list)
#10 IWEB_PATH/lib/core/application_class.php(94): IWebApplication->execRequest()
#11 IWEB_PATH/index.php(5): IApplication->run()
</ERROR_BLOCK>

<ERROR_BLOCK>
errorInfo: Undefined variable: tiem
errorFile: IWEB_PATH/runtime/views/sysdefault/points/point_list.php
errorLine: 123
errorCode: 8
<<<<<<< HEAD
errorTime: 2018-06-19 13:43:05
=======
errorTime: 2018-06-19 10:53:48
>>>>>>> nzf
#0 IWEB_PATH/lib/web/controller/controllerbase_class.php(116): require(IWEB_PATH/runtime/views/sysdefault/points/point_list.php)
#1 IWEB_PATH/lib/web/controller/controllerbase_class.php(82): IControllerBase->requireFile(IWEB_PATH/runtime/views/sysdefault/points/point_list.php)
#2 IWEB_PATH/lib/web/controller/controller_class.php(226): IControllerBase->renderView(IWEB_PATH/views/sysdefault/points/point_list,)
#3 IWEB_PATH/lib/web/action/view_action.php(35): IController->render(IWEB_PATH/views/sysdefault/points/point_list,)
#4 IWEB_PATH/lib/web/controller/controller_class.php(433): IViewAction->run()
#5 IWEB_PATH/controllers/points.php(91): IController->redirect(point_list)
#6 : Points->point_list()
#7 IWEB_PATH/lib/web/action/inline_action.php(24): call_user_func()
#8 IWEB_PATH/lib/web/controller/controller_class.php(174): IInlineAction->run()
#9 IWEB_PATH/lib/core/webapplication_class.php(75): IController->run(point_list)
#10 IWEB_PATH/lib/core/application_class.php(94): IWebApplication->execRequest()
#11 IWEB_PATH/index.php(5): IApplication->run()
</ERROR_BLOCK>

<ERROR_BLOCK>
errorInfo: Undefined variable: tiem
errorFile: IWEB_PATH/runtime/views/sysdefault/points/point_list.php
errorLine: 123
errorCode: 8
<<<<<<< HEAD
errorTime: 2018-06-19 13:43:06
=======
errorTime: 2018-06-19 10:53:48
>>>>>>> nzf
#0 IWEB_PATH/lib/web/controller/controllerbase_class.php(116): require(IWEB_PATH/runtime/views/sysdefault/points/point_list.php)
#1 IWEB_PATH/lib/web/controller/controllerbase_class.php(82): IControllerBase->requireFile(IWEB_PATH/runtime/views/sysdefault/points/point_list.php)
#2 IWEB_PATH/lib/web/controller/controller_class.php(226): IControllerBase->renderView(IWEB_PATH/views/sysdefault/points/point_list,)
#3 IWEB_PATH/lib/web/action/view_action.php(35): IController->render(IWEB_PATH/views/sysdefault/points/point_list,)
#4 IWEB_PATH/lib/web/controller/controller_class.php(433): IViewAction->run()
#5 IWEB_PATH/controllers/points.php(91): IController->redirect(point_list)
#6 : Points->point_list()
#7 IWEB_PATH/lib/web/action/inline_action.php(24): call_user_func()
#8 IWEB_PATH/lib/web/controller/controller_class.php(174): IInlineAction->run()
#9 IWEB_PATH/lib/core/webapplication_class.php(75): IController->run(point_list)
#10 IWEB_PATH/lib/core/application_class.php(94): IWebApplication->execRequest()
#11 IWEB_PATH/index.php(5): IApplication->run()
</ERROR_BLOCK>

<ERROR_BLOCK>
errorInfo: Undefined variable: tiem
errorFile: IWEB_PATH/runtime/views/sysdefault/points/point_list.php
errorLine: 123
errorCode: 8
<<<<<<< HEAD
errorTime: 2018-06-19 13:43:06
=======
errorTime: 2018-06-19 10:54:01
>>>>>>> nzf
#0 IWEB_PATH/lib/web/controller/controllerbase_class.php(116): require(IWEB_PATH/runtime/views/sysdefault/points/point_list.php)
#1 IWEB_PATH/lib/web/controller/controllerbase_class.php(82): IControllerBase->requireFile(IWEB_PATH/runtime/views/sysdefault/points/point_list.php)
#2 IWEB_PATH/lib/web/controller/controller_class.php(226): IControllerBase->renderView(IWEB_PATH/views/sysdefault/points/point_list,)
#3 IWEB_PATH/lib/web/action/view_action.php(35): IController->render(IWEB_PATH/views/sysdefault/points/point_list,)
#4 IWEB_PATH/lib/web/controller/controller_class.php(433): IViewAction->run()
#5 IWEB_PATH/controllers/points.php(91): IController->redirect(point_list)
#6 : Points->point_list()
#7 IWEB_PATH/lib/web/action/inline_action.php(24): call_user_func()
#8 IWEB_PATH/lib/web/controller/controller_class.php(174): IInlineAction->run()
#9 IWEB_PATH/lib/core/webapplication_class.php(75): IController->run(point_list)
#10 IWEB_PATH/lib/core/application_class.php(94): IWebApplication->execRequest()
#11 IWEB_PATH/index.php(5): IApplication->run()
</ERROR_BLOCK>

<ERROR_BLOCK>
<<<<<<< HEAD
errorInfo: Undefined index: discount
errorFile: IWEB_PATH/classes/countsum.php
errorLine: 47
errorCode: 8
errorTime: 2018-06-19 13:44:13
#0 IWEB_PATH/controllers/site.php(425): CountSum->__construct()
#1 : Site->products()
#2 IWEB_PATH/lib/web/action/inline_action.php(24): call_user_func()
#3 IWEB_PATH/lib/web/controller/controller_class.php(174): IInlineAction->run()
#4 IWEB_PATH/lib/core/webapplication_class.php(75): IController->run(products)
#5 IWEB_PATH/lib/core/application_class.php(94): IWebApplication->execRequest()
#6 IWEB_PATH/index.php(5): IApplication->run()
</ERROR_BLOCK>

<ERROR_BLOCK>
errorInfo: Undefined index: discount
errorFile: IWEB_PATH/classes/countsum.php
errorLine: 47
errorCode: 8
errorTime: 2018-06-19 13:46:20
#0 IWEB_PATH/controllers/site.php(425): CountSum->__construct()
#1 : Site->products()
#2 IWEB_PATH/lib/web/action/inline_action.php(24): call_user_func()
#3 IWEB_PATH/lib/web/controller/controller_class.php(174): IInlineAction->run()
#4 IWEB_PATH/lib/core/webapplication_class.php(75): IController->run(products)
#5 IWEB_PATH/lib/core/application_class.php(94): IWebApplication->execRequest()
#6 IWEB_PATH/index.php(5): IApplication->run()
=======
errorInfo: Undefined variable: tiem
errorFile: IWEB_PATH/runtime/views/sysdefault/points/point_list.php
errorLine: 123
errorCode: 8
errorTime: 2018-06-19 10:54:01
#0 IWEB_PATH/lib/web/controller/controllerbase_class.php(116): require(IWEB_PATH/runtime/views/sysdefault/points/point_list.php)
#1 IWEB_PATH/lib/web/controller/controllerbase_class.php(82): IControllerBase->requireFile(IWEB_PATH/runtime/views/sysdefault/points/point_list.php)
#2 IWEB_PATH/lib/web/controller/controller_class.php(226): IControllerBase->renderView(IWEB_PATH/views/sysdefault/points/point_list,)
#3 IWEB_PATH/lib/web/action/view_action.php(35): IController->render(IWEB_PATH/views/sysdefault/points/point_list,)
#4 IWEB_PATH/lib/web/controller/controller_class.php(433): IViewAction->run()
#5 IWEB_PATH/controllers/points.php(91): IController->redirect(point_list)
#6 : Points->point_list()
#7 IWEB_PATH/lib/web/action/inline_action.php(24): call_user_func()
#8 IWEB_PATH/lib/web/controller/controller_class.php(174): IInlineAction->run()
#9 IWEB_PATH/lib/core/webapplication_class.php(75): IController->run(point_list)
#10 IWEB_PATH/lib/core/application_class.php(94): IWebApplication->execRequest()
#11 IWEB_PATH/index.php(5): IApplication->run()
</ERROR_BLOCK>

<ERROR_BLOCK>
errorInfo: Undefined variable: tiem
errorFile: IWEB_PATH/runtime/views/sysdefault/points/point_list.php
errorLine: 123
errorCode: 8
errorTime: 2018-06-19 10:54:01
#0 IWEB_PATH/lib/web/controller/controllerbase_class.php(116): require(IWEB_PATH/runtime/views/sysdefault/points/point_list.php)
#1 IWEB_PATH/lib/web/controller/controllerbase_class.php(82): IControllerBase->requireFile(IWEB_PATH/runtime/views/sysdefault/points/point_list.php)
#2 IWEB_PATH/lib/web/controller/controller_class.php(226): IControllerBase->renderView(IWEB_PATH/views/sysdefault/points/point_list,)
#3 IWEB_PATH/lib/web/action/view_action.php(35): IController->render(IWEB_PATH/views/sysdefault/points/point_list,)
#4 IWEB_PATH/lib/web/controller/controller_class.php(433): IViewAction->run()
#5 IWEB_PATH/controllers/points.php(91): IController->redirect(point_list)
#6 : Points->point_list()
#7 IWEB_PATH/lib/web/action/inline_action.php(24): call_user_func()
#8 IWEB_PATH/lib/web/controller/controller_class.php(174): IInlineAction->run()
#9 IWEB_PATH/lib/core/webapplication_class.php(75): IController->run(point_list)
#10 IWEB_PATH/lib/core/application_class.php(94): IWebApplication->execRequest()
#11 IWEB_PATH/index.php(5): IApplication->run()
>>>>>>> nzf
</ERROR_BLOCK>

<ERROR_BLOCK>
errorInfo: Undefined index: discount
errorFile: IWEB_PATH/classes/countsum.php
errorLine: 47
errorCode: 8
<<<<<<< HEAD
errorTime: 2018-06-19 13:47:07
=======
errorTime: 2018-06-19 11:43:50
>>>>>>> nzf
#0 IWEB_PATH/controllers/site.php(425): CountSum->__construct()
#1 : Site->products()
#2 IWEB_PATH/lib/web/action/inline_action.php(24): call_user_func()
#3 IWEB_PATH/lib/web/controller/controller_class.php(174): IInlineAction->run()
#4 IWEB_PATH/lib/core/webapplication_class.php(75): IController->run(products)
#5 IWEB_PATH/lib/core/application_class.php(94): IWebApplication->execRequest()
#6 IWEB_PATH/index.php(5): IApplication->run()
</ERROR_BLOCK>

<ERROR_BLOCK>
<<<<<<< HEAD
errorInfo: Undefined index: discount
errorFile: IWEB_PATH/classes/countsum.php
errorLine: 47
errorCode: 8
errorTime: 2018-06-19 13:59:59
#0 IWEB_PATH/controllers/simple.php(229): CountSum->__construct()
#1 : Simple->cart()
#2 IWEB_PATH/lib/web/action/inline_action.php(24): call_user_func()
#3 IWEB_PATH/lib/web/controller/controller_class.php(174): IInlineAction->run()
#4 IWEB_PATH/lib/core/webapplication_class.php(75): IController->run(cart)
#5 IWEB_PATH/lib/core/application_class.php(94): IWebApplication->execRequest()
#6 IWEB_PATH/index.php(5): IApplication->run()
</ERROR_BLOCK>

<ERROR_BLOCK>
errorInfo: Undefined index: discount
errorFile: IWEB_PATH/classes/countsum.php
errorLine: 47
errorCode: 8
errorTime: 2018-06-19 14:00:02
#0 IWEB_PATH/controllers/simple.php(254): CountSum->__construct()
#1 : Simple->promotionRuleAjax()
#2 IWEB_PATH/lib/web/action/inline_action.php(24): call_user_func()
#3 IWEB_PATH/lib/web/controller/controller_class.php(174): IInlineAction->run()
#4 IWEB_PATH/lib/core/webapplication_class.php(75): IController->run(promotionRuleAjax)
#5 IWEB_PATH/lib/core/application_class.php(94): IWebApplication->execRequest()
#6 IWEB_PATH/index.php(5): IApplication->run()
</ERROR_BLOCK>

<ERROR_BLOCK>
errorInfo: Undefined index: discount
errorFile: IWEB_PATH/classes/countsum.php
errorLine: 47
errorCode: 8
errorTime: 2018-06-19 14:00:08
#0 IWEB_PATH/controllers/simple.php(229): CountSum->__construct()
#1 : Simple->cart()
#2 IWEB_PATH/lib/web/action/inline_action.php(24): call_user_func()
#3 IWEB_PATH/lib/web/controller/controller_class.php(174): IInlineAction->run()
#4 IWEB_PATH/lib/core/webapplication_class.php(75): IController->run(cart)
#5 IWEB_PATH/lib/core/application_class.php(94): IWebApplication->execRequest()
#6 IWEB_PATH/index.php(5): IApplication->run()
</ERROR_BLOCK>

<ERROR_BLOCK>
errorInfo: Undefined index: discount
errorFile: IWEB_PATH/classes/countsum.php
errorLine: 47
errorCode: 8
errorTime: 2018-06-19 14:00:10
#0 IWEB_PATH/controllers/simple.php(254): CountSum->__construct()
#1 : Simple->promotionRuleAjax()
#2 IWEB_PATH/lib/web/action/inline_action.php(24): call_user_func()
#3 IWEB_PATH/lib/web/controller/controller_class.php(174): IInlineAction->run()
#4 IWEB_PATH/lib/core/webapplication_class.php(75): IController->run(promotionRuleAjax)
#5 IWEB_PATH/lib/core/application_class.php(94): IWebApplication->execRequest()
#6 IWEB_PATH/index.php(5): IApplication->run()
=======
errorInfo: Undefined index: HOST
errorFile: IWEB_PATH/controllers/site.php
errorLine: 313
errorCode: 8
errorTime: 2018-06-19 11:49:36
#0 : Site->products()
#1 IWEB_PATH/lib/web/action/inline_action.php(24): call_user_func()
#2 IWEB_PATH/lib/web/controller/controller_class.php(174): IInlineAction->run()
#3 IWEB_PATH/lib/core/webapplication_class.php(75): IController->run(products)
#4 IWEB_PATH/lib/core/application_class.php(94): IWebApplication->execRequest()
#5 IWEB_PATH/index.php(5): IApplication->run()
</ERROR_BLOCK>

<ERROR_BLOCK>
errorInfo: Undefined index: HOST
errorFile: IWEB_PATH/controllers/site.php
errorLine: 313
errorCode: 8
errorTime: 2018-06-19 11:49:52
#0 : Site->products()
#1 IWEB_PATH/lib/web/action/inline_action.php(24): call_user_func()
#2 IWEB_PATH/lib/web/controller/controller_class.php(174): IInlineAction->run()
#3 IWEB_PATH/lib/core/webapplication_class.php(75): IController->run(products)
#4 IWEB_PATH/lib/core/application_class.php(94): IWebApplication->execRequest()
#5 IWEB_PATH/index.php(5): IApplication->run()
</ERROR_BLOCK>

<ERROR_BLOCK>
errorInfo: Undefined index: RESVER_URL
errorFile: IWEB_PATH/controllers/site.php
errorLine: 313
errorCode: 8
errorTime: 2018-06-19 11:51:20
#0 : Site->products()
#1 IWEB_PATH/lib/web/action/inline_action.php(24): call_user_func()
#2 IWEB_PATH/lib/web/controller/controller_class.php(174): IInlineAction->run()
#3 IWEB_PATH/lib/core/webapplication_class.php(75): IController->run(products)
#4 IWEB_PATH/lib/core/application_class.php(94): IWebApplication->execRequest()
#5 IWEB_PATH/index.php(5): IApplication->run()
</ERROR_BLOCK>

<ERROR_BLOCK>
errorInfo: Undefined index: REQUEST_URL
errorFile: IWEB_PATH/controllers/site.php
errorLine: 313
errorCode: 8
errorTime: 2018-06-19 11:51:54
#0 : Site->products()
#1 IWEB_PATH/lib/web/action/inline_action.php(24): call_user_func()
#2 IWEB_PATH/lib/web/controller/controller_class.php(174): IInlineAction->run()
#3 IWEB_PATH/lib/core/webapplication_class.php(75): IController->run(products)
#4 IWEB_PATH/lib/core/application_class.php(94): IWebApplication->execRequest()
#5 IWEB_PATH/index.php(5): IApplication->run()
>>>>>>> nzf
</ERROR_BLOCK>

<ERROR_BLOCK>
errorInfo: Undefined index: discount
errorFile: IWEB_PATH/classes/countsum.php
errorLine: 47
errorCode: 8
<<<<<<< HEAD
errorTime: 2018-06-19 14:00:36
#0 IWEB_PATH/controllers/simple.php(229): CountSum->__construct()
#1 : Simple->cart()
#2 IWEB_PATH/lib/web/action/inline_action.php(24): call_user_func()
#3 IWEB_PATH/lib/web/controller/controller_class.php(174): IInlineAction->run()
#4 IWEB_PATH/lib/core/webapplication_class.php(75): IController->run(cart)
=======
errorTime: 2018-06-19 12:01:38
#0 IWEB_PATH/controllers/site.php(426): CountSum->__construct()
#1 : Site->products()
#2 IWEB_PATH/lib/web/action/inline_action.php(24): call_user_func()
#3 IWEB_PATH/lib/web/controller/controller_class.php(174): IInlineAction->run()
#4 IWEB_PATH/lib/core/webapplication_class.php(75): IController->run(products)
>>>>>>> nzf
#5 IWEB_PATH/lib/core/application_class.php(94): IWebApplication->execRequest()
#6 IWEB_PATH/index.php(5): IApplication->run()
</ERROR_BLOCK>

<ERROR_BLOCK>
errorInfo: Undefined index: discount
errorFile: IWEB_PATH/classes/countsum.php
errorLine: 47
errorCode: 8
<<<<<<< HEAD
errorTime: 2018-06-19 14:00:37
#0 IWEB_PATH/controllers/simple.php(254): CountSum->__construct()
#1 : Simple->promotionRuleAjax()
#2 IWEB_PATH/lib/web/action/inline_action.php(24): call_user_func()
#3 IWEB_PATH/lib/web/controller/controller_class.php(174): IInlineAction->run()
#4 IWEB_PATH/lib/core/webapplication_class.php(75): IController->run(promotionRuleAjax)
=======
errorTime: 2018-06-19 12:09:23
#0 IWEB_PATH/controllers/site.php(426): CountSum->__construct()
#1 : Site->products()
#2 IWEB_PATH/lib/web/action/inline_action.php(24): call_user_func()
#3 IWEB_PATH/lib/web/controller/controller_class.php(174): IInlineAction->run()
#4 IWEB_PATH/lib/core/webapplication_class.php(75): IController->run(products)
>>>>>>> nzf
#5 IWEB_PATH/lib/core/application_class.php(94): IWebApplication->execRequest()
#6 IWEB_PATH/index.php(5): IApplication->run()
</ERROR_BLOCK>

<ERROR_BLOCK>
errorInfo: Undefined index: discount
errorFile: IWEB_PATH/classes/countsum.php
errorLine: 47
errorCode: 8
<<<<<<< HEAD
errorTime: 2018-06-19 14:00:39
#0 IWEB_PATH/controllers/simple.php(229): CountSum->__construct()
#1 : Simple->cart()
#2 IWEB_PATH/lib/web/action/inline_action.php(24): call_user_func()
#3 IWEB_PATH/lib/web/controller/controller_class.php(174): IInlineAction->run()
#4 IWEB_PATH/lib/core/webapplication_class.php(75): IController->run(cart)
=======
errorTime: 2018-06-19 12:11:12
#0 IWEB_PATH/controllers/site.php(431): CountSum->__construct()
#1 : Site->products()
#2 IWEB_PATH/lib/web/action/inline_action.php(24): call_user_func()
#3 IWEB_PATH/lib/web/controller/controller_class.php(174): IInlineAction->run()
#4 IWEB_PATH/lib/core/webapplication_class.php(75): IController->run(products)
>>>>>>> nzf
#5 IWEB_PATH/lib/core/application_class.php(94): IWebApplication->execRequest()
#6 IWEB_PATH/index.php(5): IApplication->run()
</ERROR_BLOCK>

<ERROR_BLOCK>
errorInfo: Undefined index: discount
errorFile: IWEB_PATH/classes/countsum.php
errorLine: 47
errorCode: 8
<<<<<<< HEAD
errorTime: 2018-06-19 14:00:41
#0 IWEB_PATH/controllers/simple.php(254): CountSum->__construct()
#1 : Simple->promotionRuleAjax()
#2 IWEB_PATH/lib/web/action/inline_action.php(24): call_user_func()
#3 IWEB_PATH/lib/web/controller/controller_class.php(174): IInlineAction->run()
#4 IWEB_PATH/lib/core/webapplication_class.php(75): IController->run(promotionRuleAjax)
=======
errorTime: 2018-06-19 12:11:32
#0 IWEB_PATH/controllers/site.php(431): CountSum->__construct()
#1 : Site->products()
#2 IWEB_PATH/lib/web/action/inline_action.php(24): call_user_func()
#3 IWEB_PATH/lib/web/controller/controller_class.php(174): IInlineAction->run()
#4 IWEB_PATH/lib/core/webapplication_class.php(75): IController->run(products)
>>>>>>> nzf
#5 IWEB_PATH/lib/core/application_class.php(94): IWebApplication->execRequest()
#6 IWEB_PATH/index.php(5): IApplication->run()
</ERROR_BLOCK>

<ERROR_BLOCK>
errorInfo: Undefined index: discount
errorFile: IWEB_PATH/classes/countsum.php
errorLine: 47
errorCode: 8
<<<<<<< HEAD
errorTime: 2018-06-19 14:06:24
#0 IWEB_PATH/controllers/site.php(425): CountSum->__construct()
=======
errorTime: 2018-06-19 14:06:25
#0 IWEB_PATH/controllers/site.php(436): CountSum->__construct()
>>>>>>> nzf
#1 : Site->products()
#2 IWEB_PATH/lib/web/action/inline_action.php(24): call_user_func()
#3 IWEB_PATH/lib/web/controller/controller_class.php(174): IInlineAction->run()
#4 IWEB_PATH/lib/core/webapplication_class.php(75): IController->run(products)
#5 IWEB_PATH/lib/core/application_class.php(94): IWebApplication->execRequest()
#6 IWEB_PATH/index.php(5): IApplication->run()
</ERROR_BLOCK>

<ERROR_BLOCK>
<<<<<<< HEAD
errorInfo: Undefined index: discount
errorFile: IWEB_PATH/classes/countsum.php
errorLine: 47
errorCode: 8
errorTime: 2018-06-19 14:07:42
#0 IWEB_PATH/controllers/site.php(425): CountSum->__construct()
#1 : Site->products()
#2 IWEB_PATH/lib/web/action/inline_action.php(24): call_user_func()
#3 IWEB_PATH/lib/web/controller/controller_class.php(174): IInlineAction->run()
#4 IWEB_PATH/lib/core/webapplication_class.php(75): IController->run(products)
#5 IWEB_PATH/lib/core/application_class.php(94): IWebApplication->execRequest()
#6 IWEB_PATH/index.php(5): IApplication->run()
</ERROR_BLOCK>

<ERROR_BLOCK>
errorInfo: Undefined index: discount
errorFile: IWEB_PATH/classes/countsum.php
errorLine: 47
errorCode: 8
errorTime: 2018-06-19 14:22:35
#0 IWEB_PATH/controllers/site.php(425): CountSum->__construct()
#1 : Site->products()
#2 IWEB_PATH/lib/web/action/inline_action.php(24): call_user_func()
#3 IWEB_PATH/lib/web/controller/controller_class.php(174): IInlineAction->run()
#4 IWEB_PATH/lib/core/webapplication_class.php(75): IController->run(products)
#5 IWEB_PATH/lib/core/application_class.php(94): IWebApplication->execRequest()
#6 IWEB_PATH/index.php(5): IApplication->run()
=======
errorInfo: mysqli::mysqli(): (HY000/2002): 

errorFile: IWEB_PATH/lib/db/driver/mysqli_class.php
errorLine: 27
errorCode: 2
errorTime: 2018-06-19 14:28:01
#0 IWEB_PATH/lib/db/driver/mysqli_class.php(27): mysqli->mysqli(101.201.239.155,root,root,iwebshop,3306)
#1 IWEB_PATH/lib/db/db_class.php(59): IMysqli->connect()
#2 IWEB_PATH/lib/db/db_class.php(144): IDB->rTarget()
#3 IWEB_PATH/lib/web/model/model_class.php(210): IDB->query(SELECT class_name FROM iwebshop_plugin WHERE is_open = 1 ORDER BY sort asc limit 50000)
#4 IWEB_PATH/classes/plugin.php(32): IModel->query(is_open = 1,class_name,sort asc)
#5 IWEB_PATH/classes/plugin.php(211): plugin::init()
#6 : plugin::onCreateApp()
#7 IWEB_PATH/lib/core/interceptor_class.php(114): call_user_func()
#8 IWEB_PATH/lib/core/application_class.php(93): IInterceptor::run(onCreateApp)
#9 IWEB_PATH/index.php(5): IApplication->run()
</ERROR_BLOCK>

<ERROR_BLOCK>
excepInfo: 

excepFile: IWEB_PATH/lib/db/driver/mysqli_class.php
excepLine: 30
excepCode: 1000
excepTime: 2018-06-19 14:28:01
#0 IWEB_PATH/lib/db/db_class.php(59): IMysqli->connect()
#1 IWEB_PATH/lib/db/db_class.php(144): IDB->rTarget()
#2 IWEB_PATH/lib/web/model/model_class.php(210): IDB->query(SELECT class_name FROM iwebshop_plugin WHERE is_open = 1 ORDER BY sort asc limit 50000)
#3 IWEB_PATH/classes/plugin.php(32): IModel->query(is_open = 1,class_name,sort asc)
#4 IWEB_PATH/classes/plugin.php(211): plugin::init()
#5 : plugin::onCreateApp()
#6 IWEB_PATH/lib/core/interceptor_class.php(114): call_user_func()
#7 IWEB_PATH/lib/core/application_class.php(93): IInterceptor::run(onCreateApp)
#8 IWEB_PATH/index.php(5): IApplication->run()
>>>>>>> nzf
</ERROR_BLOCK>

<ERROR_BLOCK>
errorInfo: Undefined index: discount
errorFile: IWEB_PATH/classes/countsum.php
errorLine: 47
errorCode: 8
<<<<<<< HEAD
errorTime: 2018-06-19 15:14:02
#0 IWEB_PATH/controllers/site.php(425): CountSum->__construct()
=======
errorTime: 2018-06-19 15:15:22
#0 IWEB_PATH/controllers/site.php(434): CountSum->__construct()
>>>>>>> nzf
#1 : Site->products()
#2 IWEB_PATH/lib/web/action/inline_action.php(24): call_user_func()
#3 IWEB_PATH/lib/web/controller/controller_class.php(174): IInlineAction->run()
#4 IWEB_PATH/lib/core/webapplication_class.php(75): IController->run(products)
#5 IWEB_PATH/lib/core/application_class.php(94): IWebApplication->execRequest()
#6 IWEB_PATH/index.php(5): IApplication->run()
</ERROR_BLOCK>

<ERROR_BLOCK>
errorInfo: Undefined index: discount
errorFile: IWEB_PATH/classes/countsum.php
errorLine: 47
errorCode: 8
errorTime: 2018-06-19 16:03:40
#0 IWEB_PATH/controllers/site.php(434): CountSum->__construct()
#1 : Site->products()
#2 IWEB_PATH/lib/web/action/inline_action.php(24): call_user_func()
#3 IWEB_PATH/lib/web/controller/controller_class.php(174): IInlineAction->run()
#4 IWEB_PATH/lib/core/webapplication_class.php(75): IController->run(products)
#5 IWEB_PATH/lib/core/application_class.php(94): IWebApplication->execRequest()
#6 IWEB_PATH/index.php(5): IApplication->run()
</ERROR_BLOCK>

<ERROR_BLOCK>
errorInfo: Undefined variable: tiem
errorFile: IWEB_PATH/runtime/views/sysdefault/points/point_list.php
errorLine: 123
errorCode: 8
errorTime: 2018-06-19 16:32:55
#0 IWEB_PATH/lib/web/controller/controllerbase_class.php(116): require(IWEB_PATH/runtime/views/sysdefault/points/point_list.php)
#1 IWEB_PATH/lib/web/controller/controllerbase_class.php(82): IControllerBase->requireFile(IWEB_PATH/runtime/views/sysdefault/points/point_list.php)
#2 IWEB_PATH/lib/web/controller/controller_class.php(226): IControllerBase->renderView(IWEB_PATH/views/sysdefault/points/point_list,)
#3 IWEB_PATH/lib/web/action/view_action.php(35): IController->render(IWEB_PATH/views/sysdefault/points/point_list,)
#4 IWEB_PATH/lib/web/controller/controller_class.php(433): IViewAction->run()
#5 IWEB_PATH/controllers/points.php(91): IController->redirect(point_list)
#6 : Points->point_list()
#7 IWEB_PATH/lib/web/action/inline_action.php(24): call_user_func()
#8 IWEB_PATH/lib/web/controller/controller_class.php(174): IInlineAction->run()
#9 IWEB_PATH/lib/core/webapplication_class.php(75): IController->run(point_list)
#10 IWEB_PATH/lib/core/application_class.php(94): IWebApplication->execRequest()
#11 IWEB_PATH/index.php(5): IApplication->run()
</ERROR_BLOCK>

<ERROR_BLOCK>
errorInfo: Undefined variable: tiem
errorFile: IWEB_PATH/runtime/views/sysdefault/points/point_list.php
errorLine: 123
errorCode: 8
errorTime: 2018-06-19 16:32:55
#0 IWEB_PATH/lib/web/controller/controllerbase_class.php(116): require(IWEB_PATH/runtime/views/sysdefault/points/point_list.php)
#1 IWEB_PATH/lib/web/controller/controllerbase_class.php(82): IControllerBase->requireFile(IWEB_PATH/runtime/views/sysdefault/points/point_list.php)
#2 IWEB_PATH/lib/web/controller/controller_class.php(226): IControllerBase->renderView(IWEB_PATH/views/sysdefault/points/point_list,)
#3 IWEB_PATH/lib/web/action/view_action.php(35): IController->render(IWEB_PATH/views/sysdefault/points/point_list,)
#4 IWEB_PATH/lib/web/controller/controller_class.php(433): IViewAction->run()
#5 IWEB_PATH/controllers/points.php(91): IController->redirect(point_list)
#6 : Points->point_list()
#7 IWEB_PATH/lib/web/action/inline_action.php(24): call_user_func()
#8 IWEB_PATH/lib/web/controller/controller_class.php(174): IInlineAction->run()
#9 IWEB_PATH/lib/core/webapplication_class.php(75): IController->run(point_list)
#10 IWEB_PATH/lib/core/application_class.php(94): IWebApplication->execRequest()
#11 IWEB_PATH/index.php(5): IApplication->run()
</ERROR_BLOCK>

